#
# A fatal error has been detected by the Java Runtime Environment:
#
#  Internal Error (./open/src/hotspot/share/utilities/exceptions.cpp:492), pid=27916, tid=25236
#  fatal error: ExceptionMark destructor expects no pending exceptions
#
# JRE version: Java(TM) SE Runtime Environment 18.9 (11.0.10+8) (build 11.0.10+8-LTS-162)
# Java VM: Java HotSpot(TM) 64-Bit Server VM 18.9 (11.0.10+8-LTS-162, mixed mode, tiered, compressed oops, g1 gc, windows-amd64)
# No core dump will be written. Minidumps are not enabled by default on client versions of Windows
#
# If you would like to submit a bug report, please visit:
#   https://bugreport.java.com/bugreport/crash.jsp
#

---------------  S U M M A R Y ------------

Command Line: -agentlib:jdwp=transport=dt_socket,suspend=y,address=localhost:60294 -javaagent:C:\Users\Rostom\eclipse\java-2021-03\eclipse\configuration\org.eclipse.osgi\222\0\.cp\lib\javaagent-shaded.jar -Dfile.encoding=UTF-8 org.insa.graphs.gui.MainWindow

Host: 11th Gen Intel(R) Core(TM) i7-1165G7 @ 2.80GHz, 8 cores, 15G,  Windows 10 , 64 bit Build 19041 (10.0.19041.928)
Time: Tue May 25 02:42:56 2021 Romance Summer Time elapsed time: 333.949123 seconds (0d 0h 5m 33s)

---------------  T H R E A D  ---------------

Current thread (0x00000264de0ef000):  JavaThread "Thread-44" [_thread_in_vm, id=25236, stack(0x000000694a500000,0x000000694a600000)]

Stack: [0x000000694a500000,0x000000694a600000]
Native frames: (J=compiled Java code, j=interpreted, Vv=VM code, C=native code)
V  [jvm.dll+0x613e6a]
V  [jvm.dll+0x74c1ff]
V  [jvm.dll+0x74d885]
V  [jvm.dll+0x74deb7]
V  [jvm.dll+0x243924]
V  [jvm.dll+0x2c1686]
V  [jvm.dll+0x4d4e8a]
V  [jvm.dll+0x360aa7]
C  0x00000264b50c2040

Java frames: (J=compiled Java code, j=interpreted, Vv=VM code)
j  org.insa.graphs.algorithm.utils.BinaryHeap.remove(Ljava/lang/Comparable;)V+73
j  org.insa.graphs.algorithm.shortestpath.DijkstraAlgorithm.doRun()Lorg/insa/graphs/algorithm/shortestpath/ShortestPathSolution;+204
j  org.insa.graphs.algorithm.shortestpath.DijkstraAlgorithm.doRun()Lorg/insa/graphs/algorithm/AbstractSolution;+1
j  org.insa.graphs.algorithm.AbstractAlgorithm.run()Lorg/insa/graphs/algorithm/AbstractSolution;+5
j  org.insa.graphs.algorithm.shortestpath.ShortestPathAlgorithm.run()Lorg/insa/graphs/algorithm/shortestpath/ShortestPathSolution;+1
j  org.insa.graphs.gui.MainWindow$2$1.run()V+4
j  org.insa.graphs.gui.MainWindow$5.run()V+25
j  java.lang.Thread.run()V+11 java.base@11.0.10
v  ~StubRoutines::call_stub

---------------  P R O C E S S  ---------------

Threads class SMR info:
_java_thread_list=0x00000264d15376a0, length=25, elements={
0x00000264d0b66800, 0x00000264d0b6f800, 0x00000264d0b7b000, 0x00000264d0b7e800,
0x00000264d1443800, 0x00000264d1450000, 0x00000264d1459800, 0x00000264d15c7800,
0x00000264d177d000, 0x00000264d177e800, 0x00000264d1746800, 0x00000264d19d4800,
0x00000264d1c8f800, 0x00000264d1a7e800, 0x00000264d1c08800, 0x00000264d2996000,
0x00000264acc17800, 0x00000264d1dcd800, 0x00000264d1747000, 0x00000264d6344000,
0x00000264d6594000, 0x00000264de0ee000, 0x00000264de0f0000, 0x00000264de0f2000,
0x00000264de0ef000
}

Java Threads: ( => current thread )
  0x00000264d0b66800 JavaThread "Reference Handler" daemon [_thread_blocked, id=5844, stack(0x0000006948700000,0x0000006948800000)]
  0x00000264d0b6f800 JavaThread "Finalizer" daemon [_thread_blocked, id=33116, stack(0x0000006948800000,0x0000006948900000)]
  0x00000264d0b7b000 JavaThread "Signal Dispatcher" daemon [_thread_blocked, id=28492, stack(0x0000006948900000,0x0000006948a00000)]
  0x00000264d0b7e800 JavaThread "Attach Listener" daemon [_thread_blocked, id=7540, stack(0x0000006948a00000,0x0000006948b00000)]
  0x00000264d1443800 JavaThread "C2 CompilerThread0" daemon [_thread_blocked, id=26388, stack(0x0000006948b00000,0x0000006948c00000)]
  0x00000264d1450000 JavaThread "C1 CompilerThread0" daemon [_thread_blocked, id=24708, stack(0x0000006948c00000,0x0000006948d00000)]
  0x00000264d1459800 JavaThread "Sweeper thread" daemon [_thread_blocked, id=27524, stack(0x0000006948d00000,0x0000006948e00000)]
  0x00000264d15c7800 JavaThread "Common-Cleaner" daemon [_thread_blocked, id=31916, stack(0x0000006948e00000,0x0000006948f00000)]
  0x00000264d177d000 JavaThread "JDWP Transport Listener: dt_socket" daemon [_thread_blocked, id=17292, stack(0x0000006949000000,0x0000006949100000)]
  0x00000264d177e800 JavaThread "JDWP Event Helper Thread" daemon [_thread_blocked, id=12700, stack(0x0000006949100000,0x0000006949200000)]
  0x00000264d1746800 JavaThread "JDWP Command Reader" daemon [_thread_in_native, id=16076, stack(0x0000006949200000,0x0000006949300000)]
  0x00000264d19d4800 JavaThread "Service Thread" daemon [_thread_blocked, id=24440, stack(0x0000006949300000,0x0000006949400000)]
  0x00000264d1c8f800 JavaThread "Java2D Disposer" daemon [_thread_blocked, id=17448, stack(0x0000006949500000,0x0000006949600000)]
  0x00000264d1a7e800 JavaThread "AWT-Shutdown" [_thread_blocked, id=12900, stack(0x0000006949600000,0x0000006949700000)]
  0x00000264d1c08800 JavaThread "AWT-Windows" daemon [_thread_blocked, id=27076, stack(0x0000006949700000,0x0000006949800000)]
  0x00000264d2996000 JavaThread "AWT-EventQueue-0" [_thread_blocked, id=6500, stack(0x0000006949800000,0x0000006949900000)]
  0x00000264acc17800 JavaThread "DestroyJavaVM" [_thread_blocked, id=26672, stack(0x0000006948000000,0x0000006948100000)]
  0x00000264d1dcd800 JavaThread "Animator" [_thread_blocked, id=11280, stack(0x0000006948f00000,0x0000006949000000)]
  0x00000264d1747000 JavaThread "LayerManager" [_thread_blocked, id=26280, stack(0x000000694a000000,0x000000694a100000)]
  0x00000264d6344000 JavaThread "TimerQueue" daemon [_thread_blocked, id=31944, stack(0x000000694a600000,0x000000694a700000)]
  0x00000264d6594000 JavaThread "Swing-Shell" daemon [_thread_blocked, id=14396, stack(0x000000694a700000,0x000000694a800000)]
  0x00000264de0ee000 JavaThread "pool-8-thread-1" [_thread_blocked, id=11092, stack(0x000000694a800000,0x000000694a900000)]
  0x00000264de0f0000 JavaThread "pool-9-thread-1" [_thread_blocked, id=31684, stack(0x0000006947f00000,0x0000006948000000)]
  0x00000264de0f2000 JavaThread "pool-9-thread-2" [_thread_blocked, id=12972, stack(0x000000694a400000,0x000000694a500000)]
=>0x00000264de0ef000 JavaThread "Thread-44" [_thread_in_vm, id=25236, stack(0x000000694a500000,0x000000694a600000)]

Other Threads:
  0x00000264d0b44000 VMThread "VM Thread" [stack: 0x0000006948600000,0x0000006948700000] [id=11952]
  0x00000264d19d5800 WatcherThread [stack: 0x0000006949400000,0x0000006949500000] [id=21076]
  0x00000264acc2c800 GCTaskThread "GC Thread#0" [stack: 0x0000006948100000,0x0000006948200000] [id=33644]
  0x00000264d1d9c800 GCTaskThread "GC Thread#1" [stack: 0x0000006949900000,0x0000006949a00000] [id=15488]
  0x00000264d1d9d000 GCTaskThread "GC Thread#2" [stack: 0x0000006949a00000,0x0000006949b00000] [id=28284]
  0x00000264d277f000 GCTaskThread "GC Thread#3" [stack: 0x0000006949b00000,0x0000006949c00000] [id=16096]
  0x00000264d2780000 GCTaskThread "GC Thread#4" [stack: 0x0000006949c00000,0x0000006949d00000] [id=31096]
  0x00000264d2780800 GCTaskThread "GC Thread#5" [stack: 0x0000006949d00000,0x0000006949e00000] [id=20636]
  0x00000264d2785000 GCTaskThread "GC Thread#6" [stack: 0x0000006949e00000,0x0000006949f00000] [id=5768]
  0x00000264d2786000 GCTaskThread "GC Thread#7" [stack: 0x0000006949f00000,0x000000694a000000] [id=17716]
  0x00000264acc88000 ConcurrentGCThread "G1 Main Marker" [stack: 0x0000006948200000,0x0000006948300000] [id=34144]
  0x00000264acc8a800 ConcurrentGCThread "G1 Conc#0" [stack: 0x0000006948300000,0x0000006948400000] [id=1916]
  0x00000264d1dc0800 ConcurrentGCThread "G1 Conc#1" [stack: 0x000000694a200000,0x000000694a300000] [id=12844]
  0x00000264d0a2e000 ConcurrentGCThread "G1 Refine#0" [stack: 0x0000006948400000,0x0000006948500000] [id=33076]
  0x00000264d65c2000 ConcurrentGCThread "G1 Refine#1" [stack: 0x000000694ae00000,0x000000694af00000] [id=24216]
  0x00000264d28c4800 ConcurrentGCThread "G1 Refine#2" [stack: 0x000000694af00000,0x000000694b000000] [id=27180]
  0x00000264d65c9000 ConcurrentGCThread "G1 Refine#3" [stack: 0x000000694b000000,0x000000694b100000] [id=22188]
  0x00000264d2adb000 ConcurrentGCThread "G1 Refine#4" [stack: 0x000000694a100000,0x000000694a200000] [id=12892]
  0x00000264dd497800 ConcurrentGCThread "G1 Refine#5" [stack: 0x000000694ad00000,0x000000694ae00000] [id=10116]
  0x00000264d0a2f000 ConcurrentGCThread "G1 Young RemSet Sampling" [stack: 0x0000006948500000,0x0000006948600000] [id=34704]

Threads with active compile tasks:
C2 CompilerThread0 333967 8436   !   4       java.awt.KeyboardFocusManager::clearMostRecentFocusOwner (110 bytes)

VM state:synchronizing (normal execution)

VM Mutex/Monitor currently owned by a thread:  ([mutex/lock_event])
[0x00000264acc13a10] Threads_lock - owner thread: 0x00000264d0b44000

Heap address: 0x0000000705a00000, size: 4006 MB, Compressed Oops mode: Zero based, Oop shift amount: 3
Narrow klass base: 0x0000000800000000, Narrow klass shift: 0
Compressed class space size: 1073741824 Address: 0x0000000800000000

Heap:
 garbage-first heap   total 380928K, used 284786K [0x0000000705a00000, 0x0000000800000000)
  region size 1024K, 35 young (35840K), 2 survivors (2048K)
 Metaspace       used 33693K, capacity 34343K, committed 34560K, reserved 1079296K
  class space    used 3439K, capacity 3718K, committed 3840K, reserved 1048576K
Heap Regions: E=young(eden), S=young(survivor), O=old, HS=humongous(starts), HC=humongous(continues), CS=collection set, F=free, A=archive, TAMS=top-at-mark-start (previous, next)
|   0|0x0000000705a00000, 0x0000000705b00000, 0x0000000705b00000|100%| O|  |TAMS 0x0000000705b00000, 0x0000000705a00000| Untracked 
|   1|0x0000000705b00000, 0x0000000705c00000, 0x0000000705c00000|100%| O|  |TAMS 0x0000000705c00000, 0x0000000705b00000| Untracked 
|   2|0x0000000705c00000, 0x0000000705d00000, 0x0000000705d00000|100%| O|  |TAMS 0x0000000705d00000, 0x0000000705c00000| Untracked 
|   3|0x0000000705d00000, 0x0000000705e00000, 0x0000000705e00000|100%| O|  |TAMS 0x0000000705e00000, 0x0000000705d00000| Untracked 
|   4|0x0000000705e00000, 0x0000000705f00000, 0x0000000705f00000|100%| O|  |TAMS 0x0000000705f00000, 0x0000000705e00000| Untracked 
|   5|0x0000000705f00000, 0x0000000706000000, 0x0000000706000000|100%| O|  |TAMS 0x0000000706000000, 0x0000000705f00000| Untracked 
|   6|0x0000000706000000, 0x0000000706100000, 0x0000000706100000|100%| O|  |TAMS 0x0000000706100000, 0x0000000706000000| Untracked 
|   7|0x0000000706100000, 0x0000000706200000, 0x0000000706200000|100%|HS|  |TAMS 0x0000000706200000, 0x0000000706100000| Complete 
|   8|0x0000000706200000, 0x0000000706300000, 0x0000000706300000|100%|HC|  |TAMS 0x0000000706300000, 0x0000000706200000| Complete 
|   9|0x0000000706300000, 0x0000000706400000, 0x0000000706400000|100%|HC|  |TAMS 0x0000000706400000, 0x0000000706300000| Complete 
|  10|0x0000000706400000, 0x0000000706500000, 0x0000000706500000|100%|HC|  |TAMS 0x0000000706500000, 0x0000000706400000| Complete 
|  11|0x0000000706500000, 0x0000000706600000, 0x0000000706600000|100%|HC|  |TAMS 0x0000000706600000, 0x0000000706500000| Complete 
|  12|0x0000000706600000, 0x0000000706700000, 0x0000000706700000|100%|HS|  |TAMS 0x0000000706700000, 0x0000000706600000| Complete 
|  13|0x0000000706700000, 0x0000000706800000, 0x0000000706800000|100%|HC|  |TAMS 0x0000000706800000, 0x0000000706700000| Complete 
|  14|0x0000000706800000, 0x0000000706900000, 0x0000000706900000|100%|HC|  |TAMS 0x0000000706900000, 0x0000000706800000| Complete 
|  15|0x0000000706900000, 0x0000000706a00000, 0x0000000706a00000|100%|HC|  |TAMS 0x0000000706a00000, 0x0000000706900000| Complete 
|  16|0x0000000706a00000, 0x0000000706b00000, 0x0000000706b00000|100%|HC|  |TAMS 0x0000000706b00000, 0x0000000706a00000| Complete 
|  17|0x0000000706b00000, 0x0000000706c00000, 0x0000000706c00000|100%|HC|  |TAMS 0x0000000706c00000, 0x0000000706b00000| Complete 
|  18|0x0000000706c00000, 0x0000000706d00000, 0x0000000706d00000|100%|HC|  |TAMS 0x0000000706d00000, 0x0000000706c00000| Complete 
|  19|0x0000000706d00000, 0x0000000706e00000, 0x0000000706e00000|100%|HC|  |TAMS 0x0000000706e00000, 0x0000000706d00000| Complete 
|  20|0x0000000706e00000, 0x0000000706f00000, 0x0000000706f00000|100%|HC|  |TAMS 0x0000000706f00000, 0x0000000706e00000| Complete 
|  21|0x0000000706f00000, 0x0000000707000000, 0x0000000707000000|100%|HC|  |TAMS 0x0000000707000000, 0x0000000706f00000| Complete 
|  22|0x0000000707000000, 0x0000000707100000, 0x0000000707100000|100%|HC|  |TAMS 0x0000000707100000, 0x0000000707000000| Complete 
|  23|0x0000000707100000, 0x0000000707200000, 0x0000000707200000|100%|HC|  |TAMS 0x0000000707200000, 0x0000000707100000| Complete 
|  24|0x0000000707200000, 0x0000000707300000, 0x0000000707300000|100%|HC|  |TAMS 0x0000000707300000, 0x0000000707200000| Complete 
|  25|0x0000000707300000, 0x0000000707400000, 0x0000000707400000|100%|HC|  |TAMS 0x0000000707400000, 0x0000000707300000| Complete 
|  26|0x0000000707400000, 0x0000000707500000, 0x0000000707500000|100%|HC|  |TAMS 0x0000000707500000, 0x0000000707400000| Complete 
|  27|0x0000000707500000, 0x0000000707600000, 0x0000000707600000|100%|HC|  |TAMS 0x0000000707600000, 0x0000000707500000| Complete 
|  28|0x0000000707600000, 0x0000000707700000, 0x0000000707700000|100%|HC|  |TAMS 0x0000000707700000, 0x0000000707600000| Complete 
|  29|0x0000000707700000, 0x0000000707800000, 0x0000000707800000|100%|HC|  |TAMS 0x0000000707800000, 0x0000000707700000| Complete 
|  30|0x0000000707800000, 0x0000000707900000, 0x0000000707900000|100%|HC|  |TAMS 0x0000000707900000, 0x0000000707800000| Complete 
|  31|0x0000000707900000, 0x0000000707a00000, 0x0000000707a00000|100%|HC|  |TAMS 0x0000000707a00000, 0x0000000707900000| Complete 
|  32|0x0000000707a00000, 0x0000000707b00000, 0x0000000707b00000|100%|HC|  |TAMS 0x0000000707b00000, 0x0000000707a00000| Complete 
|  33|0x0000000707b00000, 0x0000000707c00000, 0x0000000707c00000|100%|HC|  |TAMS 0x0000000707c00000, 0x0000000707b00000| Complete 
|  34|0x0000000707c00000, 0x0000000707d00000, 0x0000000707d00000|100%|HC|  |TAMS 0x0000000707d00000, 0x0000000707c00000| Complete 
|  35|0x0000000707d00000, 0x0000000707e00000, 0x0000000707e00000|100%|HC|  |TAMS 0x0000000707e00000, 0x0000000707d00000| Complete 
|  36|0x0000000707e00000, 0x0000000707f00000, 0x0000000707f00000|100%|HC|  |TAMS 0x0000000707f00000, 0x0000000707e00000| Complete 
|  37|0x0000000707f00000, 0x0000000708000000, 0x0000000708000000|100%|HC|  |TAMS 0x0000000708000000, 0x0000000707f00000| Complete 
|  38|0x0000000708000000, 0x0000000708100000, 0x0000000708100000|100%|HC|  |TAMS 0x0000000708100000, 0x0000000708000000| Complete 
|  39|0x0000000708100000, 0x0000000708200000, 0x0000000708200000|100%|HC|  |TAMS 0x0000000708200000, 0x0000000708100000| Complete 
|  40|0x0000000708200000, 0x0000000708300000, 0x0000000708300000|100%|HC|  |TAMS 0x0000000708300000, 0x0000000708200000| Complete 
|  41|0x0000000708300000, 0x0000000708400000, 0x0000000708400000|100%|HC|  |TAMS 0x0000000708400000, 0x0000000708300000| Complete 
|  42|0x0000000708400000, 0x0000000708500000, 0x0000000708500000|100%| O|  |TAMS 0x0000000708500000, 0x0000000708400000| Untracked 
|  43|0x0000000708500000, 0x0000000708600000, 0x0000000708600000|100%| O|  |TAMS 0x0000000708600000, 0x0000000708500000| Untracked 
|  44|0x0000000708600000, 0x0000000708700000, 0x0000000708700000|100%| O|  |TAMS 0x0000000708700000, 0x0000000708600000| Untracked 
|  45|0x0000000708700000, 0x0000000708800000, 0x0000000708800000|100%| O|  |TAMS 0x0000000708800000, 0x0000000708700000| Untracked 
|  46|0x0000000708800000, 0x0000000708900000, 0x0000000708900000|100%| O|  |TAMS 0x000000070884fe00, 0x0000000708800000| Untracked 
|  47|0x0000000708900000, 0x0000000708a00000, 0x0000000708a00000|100%|HS|  |TAMS 0x0000000708a00000, 0x0000000708900000| Complete 
|  48|0x0000000708a00000, 0x0000000708b00000, 0x0000000708b00000|100%|HC|  |TAMS 0x0000000708b00000, 0x0000000708a00000| Complete 
|  49|0x0000000708b00000, 0x0000000708c00000, 0x0000000708c00000|100%| O|  |TAMS 0x0000000708c00000, 0x0000000708b00000| Untracked 
|  50|0x0000000708c00000, 0x0000000708d00000, 0x0000000708d00000|100%| O|  |TAMS 0x0000000708d00000, 0x0000000708c00000| Untracked 
|  51|0x0000000708d00000, 0x0000000708e00000, 0x0000000708e00000|100%| O|  |TAMS 0x0000000708e00000, 0x0000000708d00000| Untracked 
|  52|0x0000000708e00000, 0x0000000708f00000, 0x0000000708f00000|100%| O|  |TAMS 0x0000000708f00000, 0x0000000708e00000| Untracked 
|  53|0x0000000708f00000, 0x0000000709000000, 0x0000000709000000|100%| O|  |TAMS 0x0000000709000000, 0x0000000708f00000| Untracked 
|  54|0x0000000709000000, 0x0000000709100000, 0x0000000709100000|100%| O|  |TAMS 0x0000000709100000, 0x0000000709000000| Untracked 
|  55|0x0000000709100000, 0x0000000709200000, 0x0000000709200000|100%| O|  |TAMS 0x0000000709200000, 0x0000000709100000| Untracked 
|  56|0x0000000709200000, 0x0000000709300000, 0x0000000709300000|100%| O|  |TAMS 0x0000000709300000, 0x0000000709200000| Untracked 
|  57|0x0000000709300000, 0x0000000709400000, 0x0000000709400000|100%| O|  |TAMS 0x0000000709400000, 0x0000000709300000| Untracked 
|  58|0x0000000709400000, 0x0000000709500000, 0x0000000709500000|100%| O|  |TAMS 0x0000000709500000, 0x0000000709400000| Untracked 
|  59|0x0000000709500000, 0x0000000709600000, 0x0000000709600000|100%| O|  |TAMS 0x0000000709600000, 0x0000000709500000| Untracked 
|  60|0x0000000709600000, 0x0000000709700000, 0x0000000709700000|100%| O|  |TAMS 0x0000000709700000, 0x0000000709600000| Untracked 
|  61|0x0000000709700000, 0x0000000709800000, 0x0000000709800000|100%| O|  |TAMS 0x0000000709800000, 0x0000000709700000| Untracked 
|  62|0x0000000709800000, 0x0000000709900000, 0x0000000709900000|100%| O|  |TAMS 0x0000000709900000, 0x0000000709800000| Untracked 
|  63|0x0000000709900000, 0x0000000709a00000, 0x0000000709a00000|100%| O|  |TAMS 0x0000000709a00000, 0x0000000709900000| Untracked 
|  64|0x0000000709a00000, 0x0000000709b00000, 0x0000000709b00000|100%| O|  |TAMS 0x0000000709b00000, 0x0000000709a00000| Untracked 
|  65|0x0000000709b00000, 0x0000000709c00000, 0x0000000709c00000|100%| O|  |TAMS 0x0000000709c00000, 0x0000000709b00000| Untracked 
|  66|0x0000000709c00000, 0x0000000709d00000, 0x0000000709d00000|100%| O|  |TAMS 0x0000000709d00000, 0x0000000709c00000| Untracked 
|  67|0x0000000709d00000, 0x0000000709e00000, 0x0000000709e00000|100%| O|  |TAMS 0x0000000709e00000, 0x0000000709d00000| Untracked 
|  68|0x0000000709e00000, 0x0000000709f00000, 0x0000000709f00000|100%| O|  |TAMS 0x0000000709f00000, 0x0000000709e00000| Untracked 
|  69|0x0000000709f00000, 0x000000070a000000, 0x000000070a000000|100%| O|  |TAMS 0x000000070a000000, 0x0000000709f00000| Untracked 
|  70|0x000000070a000000, 0x000000070a100000, 0x000000070a100000|100%| O|  |TAMS 0x000000070a100000, 0x000000070a000000| Untracked 
|  71|0x000000070a100000, 0x000000070a200000, 0x000000070a200000|100%| O|  |TAMS 0x000000070a200000, 0x000000070a100000| Untracked 
|  72|0x000000070a200000, 0x000000070a300000, 0x000000070a300000|100%| O|  |TAMS 0x000000070a300000, 0x000000070a200000| Untracked 
|  73|0x000000070a300000, 0x000000070a400000, 0x000000070a400000|100%| O|  |TAMS 0x000000070a400000, 0x000000070a300000| Untracked 
|  74|0x000000070a400000, 0x000000070a500000, 0x000000070a500000|100%| O|  |TAMS 0x000000070a500000, 0x000000070a400000| Untracked 
|  75|0x000000070a500000, 0x000000070a600000, 0x000000070a600000|100%| O|  |TAMS 0x000000070a600000, 0x000000070a500000| Untracked 
|  76|0x000000070a600000, 0x000000070a700000, 0x000000070a700000|100%| O|  |TAMS 0x000000070a700000, 0x000000070a600000| Untracked 
|  77|0x000000070a700000, 0x000000070a800000, 0x000000070a800000|100%| O|  |TAMS 0x000000070a800000, 0x000000070a700000| Untracked 
|  78|0x000000070a800000, 0x000000070a900000, 0x000000070a900000|100%| O|  |TAMS 0x000000070a900000, 0x000000070a800000| Untracked 
|  79|0x000000070a900000, 0x000000070aa00000, 0x000000070aa00000|100%| O|  |TAMS 0x000000070aa00000, 0x000000070a900000| Untracked 
|  80|0x000000070aa00000, 0x000000070ab00000, 0x000000070ab00000|100%| O|  |TAMS 0x000000070ab00000, 0x000000070aa00000| Untracked 
|  81|0x000000070ab00000, 0x000000070ac00000, 0x000000070ac00000|100%| O|  |TAMS 0x000000070ac00000, 0x000000070ab00000| Untracked 
|  82|0x000000070ac00000, 0x000000070ad00000, 0x000000070ad00000|100%| O|  |TAMS 0x000000070ad00000, 0x000000070ac00000| Untracked 
|  83|0x000000070ad00000, 0x000000070ae00000, 0x000000070ae00000|100%| O|  |TAMS 0x000000070ae00000, 0x000000070ad00000| Untracked 
|  84|0x000000070ae00000, 0x000000070af00000, 0x000000070af00000|100%| O|  |TAMS 0x000000070af00000, 0x000000070ae00000| Untracked 
|  85|0x000000070af00000, 0x000000070b000000, 0x000000070b000000|100%| O|  |TAMS 0x000000070b000000, 0x000000070af00000| Untracked 
|  86|0x000000070b000000, 0x000000070b100000, 0x000000070b100000|100%| O|  |TAMS 0x000000070b100000, 0x000000070b000000| Untracked 
|  87|0x000000070b100000, 0x000000070b200000, 0x000000070b200000|100%|HS|  |TAMS 0x000000070b200000, 0x000000070b100000| Complete 
|  88|0x000000070b200000, 0x000000070b300000, 0x000000070b300000|100%| O|  |TAMS 0x000000070b300000, 0x000000070b200000| Untracked 
|  89|0x000000070b300000, 0x000000070b400000, 0x000000070b400000|100%| O|  |TAMS 0x000000070b400000, 0x000000070b300000| Untracked 
|  90|0x000000070b400000, 0x000000070b500000, 0x000000070b500000|100%| O|  |TAMS 0x000000070b500000, 0x000000070b400000| Untracked 
|  91|0x000000070b500000, 0x000000070b600000, 0x000000070b600000|100%| O|  |TAMS 0x000000070b600000, 0x000000070b500000| Untracked 
|  92|0x000000070b600000, 0x000000070b700000, 0x000000070b700000|100%| O|  |TAMS 0x000000070b700000, 0x000000070b600000| Untracked 
|  93|0x000000070b700000, 0x000000070b800000, 0x000000070b800000|100%| O|  |TAMS 0x000000070b800000, 0x000000070b700000| Untracked 
|  94|0x000000070b800000, 0x000000070b900000, 0x000000070b900000|100%| O|  |TAMS 0x000000070b900000, 0x000000070b800000| Untracked 
|  95|0x000000070b900000, 0x000000070ba00000, 0x000000070ba00000|100%| O|  |TAMS 0x000000070ba00000, 0x000000070b900000| Untracked 
|  96|0x000000070ba00000, 0x000000070bb00000, 0x000000070bb00000|100%| O|  |TAMS 0x000000070bb00000, 0x000000070ba00000| Untracked 
|  97|0x000000070bb00000, 0x000000070bc00000, 0x000000070bc00000|100%| O|  |TAMS 0x000000070bc00000, 0x000000070bb00000| Untracked 
|  98|0x000000070bc00000, 0x000000070bd00000, 0x000000070bd00000|100%| O|  |TAMS 0x000000070bd00000, 0x000000070bc00000| Untracked 
|  99|0x000000070bd00000, 0x000000070be00000, 0x000000070be00000|100%| O|  |TAMS 0x000000070be00000, 0x000000070bd00000| Untracked 
| 100|0x000000070be00000, 0x000000070bf00000, 0x000000070bf00000|100%| O|  |TAMS 0x000000070bf00000, 0x000000070be00000| Untracked 
| 101|0x000000070bf00000, 0x000000070c000000, 0x000000070c000000|100%| O|  |TAMS 0x000000070c000000, 0x000000070bf00000| Untracked 
| 102|0x000000070c000000, 0x000000070c100000, 0x000000070c100000|100%| O|  |TAMS 0x000000070c100000, 0x000000070c000000| Untracked 
| 103|0x000000070c100000, 0x000000070c200000, 0x000000070c200000|100%| O|  |TAMS 0x000000070c200000, 0x000000070c100000| Untracked 
| 104|0x000000070c200000, 0x000000070c300000, 0x000000070c300000|100%| O|  |TAMS 0x000000070c300000, 0x000000070c200000| Untracked 
| 105|0x000000070c300000, 0x000000070c400000, 0x000000070c400000|100%| O|  |TAMS 0x000000070c400000, 0x000000070c300000| Untracked 
| 106|0x000000070c400000, 0x000000070c500000, 0x000000070c500000|100%| O|  |TAMS 0x000000070c500000, 0x000000070c400000| Untracked 
| 107|0x000000070c500000, 0x000000070c600000, 0x000000070c600000|100%| O|  |TAMS 0x000000070c600000, 0x000000070c500000| Untracked 
| 108|0x000000070c600000, 0x000000070c700000, 0x000000070c700000|100%| O|  |TAMS 0x000000070c700000, 0x000000070c600000| Untracked 
| 109|0x000000070c700000, 0x000000070c800000, 0x000000070c800000|100%| O|  |TAMS 0x000000070c800000, 0x000000070c700000| Untracked 
| 110|0x000000070c800000, 0x000000070c900000, 0x000000070c900000|100%| O|  |TAMS 0x000000070c900000, 0x000000070c800000| Untracked 
| 111|0x000000070c900000, 0x000000070ca00000, 0x000000070ca00000|100%| O|  |TAMS 0x000000070ca00000, 0x000000070c900000| Untracked 
| 112|0x000000070ca00000, 0x000000070cb00000, 0x000000070cb00000|100%| O|  |TAMS 0x000000070cb00000, 0x000000070ca00000| Untracked 
| 113|0x000000070cb00000, 0x000000070cc00000, 0x000000070cc00000|100%| O|  |TAMS 0x000000070cc00000, 0x000000070cb00000| Untracked 
| 114|0x000000070cc00000, 0x000000070cd00000, 0x000000070cd00000|100%| O|  |TAMS 0x000000070cd00000, 0x000000070cc00000| Untracked 
| 115|0x000000070cd00000, 0x000000070ce00000, 0x000000070ce00000|100%| O|  |TAMS 0x000000070ce00000, 0x000000070cd00000| Untracked 
| 116|0x000000070ce00000, 0x000000070cf00000, 0x000000070cf00000|100%| O|  |TAMS 0x000000070cf00000, 0x000000070ce00000| Untracked 
| 117|0x000000070cf00000, 0x000000070d000000, 0x000000070d000000|100%| O|  |TAMS 0x000000070d000000, 0x000000070cf00000| Untracked 
| 118|0x000000070d000000, 0x000000070d100000, 0x000000070d100000|100%| O|  |TAMS 0x000000070d100000, 0x000000070d000000| Untracked 
| 119|0x000000070d100000, 0x000000070d200000, 0x000000070d200000|100%| O|  |TAMS 0x000000070d200000, 0x000000070d100000| Untracked 
| 120|0x000000070d200000, 0x000000070d300000, 0x000000070d300000|100%| O|  |TAMS 0x000000070d300000, 0x000000070d200000| Untracked 
| 121|0x000000070d300000, 0x000000070d400000, 0x000000070d400000|100%| O|  |TAMS 0x000000070d400000, 0x000000070d300000| Untracked 
| 122|0x000000070d400000, 0x000000070d500000, 0x000000070d500000|100%| O|  |TAMS 0x000000070d500000, 0x000000070d400000| Untracked 
| 123|0x000000070d500000, 0x000000070d600000, 0x000000070d600000|100%| O|  |TAMS 0x000000070d600000, 0x000000070d500000| Untracked 
| 124|0x000000070d600000, 0x000000070d700000, 0x000000070d700000|100%| O|  |TAMS 0x000000070d700000, 0x000000070d600000| Untracked 
| 125|0x000000070d700000, 0x000000070d800000, 0x000000070d800000|100%| O|  |TAMS 0x000000070d800000, 0x000000070d700000| Untracked 
| 126|0x000000070d800000, 0x000000070d900000, 0x000000070d900000|100%| O|  |TAMS 0x000000070d900000, 0x000000070d800000| Untracked 
| 127|0x000000070d900000, 0x000000070da00000, 0x000000070da00000|100%| O|  |TAMS 0x000000070da00000, 0x000000070d900000| Untracked 
| 128|0x000000070da00000, 0x000000070db00000, 0x000000070db00000|100%| O|  |TAMS 0x000000070db00000, 0x000000070da00000| Untracked 
| 129|0x000000070db00000, 0x000000070dc00000, 0x000000070dc00000|100%| O|  |TAMS 0x000000070dc00000, 0x000000070db00000| Untracked 
| 130|0x000000070dc00000, 0x000000070dd00000, 0x000000070dd00000|100%| O|  |TAMS 0x000000070dd00000, 0x000000070dc00000| Untracked 
| 131|0x000000070dd00000, 0x000000070de00000, 0x000000070de00000|100%| O|  |TAMS 0x000000070de00000, 0x000000070dd00000| Untracked 
| 132|0x000000070de00000, 0x000000070df00000, 0x000000070df00000|100%| O|  |TAMS 0x000000070df00000, 0x000000070de00000| Untracked 
| 133|0x000000070df00000, 0x000000070e000000, 0x000000070e000000|100%| O|  |TAMS 0x000000070e000000, 0x000000070df00000| Untracked 
| 134|0x000000070e000000, 0x000000070e100000, 0x000000070e100000|100%| O|  |TAMS 0x000000070e100000, 0x000000070e000000| Untracked 
| 135|0x000000070e100000, 0x000000070e200000, 0x000000070e200000|100%| O|  |TAMS 0x000000070e200000, 0x000000070e100000| Untracked 
| 136|0x000000070e200000, 0x000000070e300000, 0x000000070e300000|100%| O|  |TAMS 0x000000070e300000, 0x000000070e200000| Untracked 
| 137|0x000000070e300000, 0x000000070e400000, 0x000000070e400000|100%| O|  |TAMS 0x000000070e400000, 0x000000070e300000| Untracked 
| 138|0x000000070e400000, 0x000000070e500000, 0x000000070e500000|100%| O|  |TAMS 0x000000070e500000, 0x000000070e400000| Untracked 
| 139|0x000000070e500000, 0x000000070e600000, 0x000000070e600000|100%| O|  |TAMS 0x000000070e600000, 0x000000070e500000| Untracked 
| 140|0x000000070e600000, 0x000000070e700000, 0x000000070e700000|100%| O|  |TAMS 0x000000070e700000, 0x000000070e600000| Untracked 
| 141|0x000000070e700000, 0x000000070e800000, 0x000000070e800000|100%| O|  |TAMS 0x000000070e800000, 0x000000070e700000| Untracked 
| 142|0x000000070e800000, 0x000000070e900000, 0x000000070e900000|100%| O|  |TAMS 0x000000070e900000, 0x000000070e800000| Untracked 
| 143|0x000000070e900000, 0x000000070ea00000, 0x000000070ea00000|100%| O|  |TAMS 0x000000070ea00000, 0x000000070e900000| Untracked 
| 144|0x000000070ea00000, 0x000000070eb00000, 0x000000070eb00000|100%| O|  |TAMS 0x000000070eb00000, 0x000000070ea00000| Untracked 
| 145|0x000000070eb00000, 0x000000070ec00000, 0x000000070ec00000|100%| O|  |TAMS 0x000000070ec00000, 0x000000070eb00000| Untracked 
| 146|0x000000070ec00000, 0x000000070ed00000, 0x000000070ed00000|100%|HS|  |TAMS 0x000000070ed00000, 0x000000070ec00000| Complete 
| 147|0x000000070ed00000, 0x000000070ee00000, 0x000000070ee00000|100%| O|  |TAMS 0x000000070ee00000, 0x000000070ed00000| Untracked 
| 148|0x000000070ee00000, 0x000000070ef00000, 0x000000070ef00000|100%| O|  |TAMS 0x000000070ef00000, 0x000000070ee00000| Untracked 
| 149|0x000000070ef00000, 0x000000070f000000, 0x000000070f000000|100%| O|  |TAMS 0x000000070f000000, 0x000000070ef00000| Untracked 
| 150|0x000000070f000000, 0x000000070f100000, 0x000000070f100000|100%| O|  |TAMS 0x000000070f100000, 0x000000070f000000| Untracked 
| 151|0x000000070f100000, 0x000000070f200000, 0x000000070f200000|100%| O|  |TAMS 0x000000070f200000, 0x000000070f100000| Untracked 
| 152|0x000000070f200000, 0x000000070f300000, 0x000000070f300000|100%| O|  |TAMS 0x000000070f300000, 0x000000070f200000| Untracked 
| 153|0x000000070f300000, 0x000000070f400000, 0x000000070f400000|100%| O|  |TAMS 0x000000070f400000, 0x000000070f300000| Untracked 
| 154|0x000000070f400000, 0x000000070f500000, 0x000000070f500000|100%| O|  |TAMS 0x000000070f500000, 0x000000070f400000| Untracked 
| 155|0x000000070f500000, 0x000000070f600000, 0x000000070f600000|100%| O|  |TAMS 0x000000070f600000, 0x000000070f500000| Untracked 
| 156|0x000000070f600000, 0x000000070f700000, 0x000000070f700000|100%| O|  |TAMS 0x000000070f700000, 0x000000070f600000| Untracked 
| 157|0x000000070f700000, 0x000000070f800000, 0x000000070f800000|100%| O|  |TAMS 0x000000070f800000, 0x000000070f700000| Untracked 
| 158|0x000000070f800000, 0x000000070f900000, 0x000000070f900000|100%| O|  |TAMS 0x000000070f900000, 0x000000070f800000| Untracked 
| 159|0x000000070f900000, 0x000000070fa00000, 0x000000070fa00000|100%| O|  |TAMS 0x000000070fa00000, 0x000000070f900000| Untracked 
| 160|0x000000070fa00000, 0x000000070fb00000, 0x000000070fb00000|100%| O|  |TAMS 0x000000070fb00000, 0x000000070fa00000| Untracked 
| 161|0x000000070fb00000, 0x000000070fc00000, 0x000000070fc00000|100%| O|  |TAMS 0x000000070fc00000, 0x000000070fb00000| Untracked 
| 162|0x000000070fc00000, 0x000000070fd00000, 0x000000070fd00000|100%| O|  |TAMS 0x000000070fd00000, 0x000000070fc00000| Untracked 
| 163|0x000000070fd00000, 0x000000070fe00000, 0x000000070fe00000|100%| O|  |TAMS 0x000000070fe00000, 0x000000070fd00000| Untracked 
| 164|0x000000070fe00000, 0x000000070ff00000, 0x000000070ff00000|100%|HS|  |TAMS 0x000000070ff00000, 0x000000070fe00000| Complete 
| 165|0x000000070ff00000, 0x000000070fff1000, 0x0000000710000000| 94%| O|  |TAMS 0x000000070ff00000, 0x000000070ff00000| Untracked 
| 166|0x0000000710000000, 0x0000000710100000, 0x0000000710100000|100%| O|  |TAMS 0x0000000710100000, 0x0000000710000000| Untracked 
| 167|0x0000000710100000, 0x0000000710200000, 0x0000000710200000|100%| O|  |TAMS 0x0000000710200000, 0x0000000710100000| Untracked 
| 168|0x0000000710200000, 0x0000000710300000, 0x0000000710300000|100%| O|  |TAMS 0x0000000710300000, 0x0000000710200000| Untracked 
| 169|0x0000000710300000, 0x0000000710300000, 0x0000000710400000|  0%| F|  |TAMS 0x0000000710300000, 0x0000000710300000| Untracked 
| 170|0x0000000710400000, 0x0000000710500000, 0x0000000710500000|100%| O|  |TAMS 0x0000000710500000, 0x0000000710400000| Untracked 
| 171|0x0000000710500000, 0x0000000710600000, 0x0000000710600000|100%|HS|  |TAMS 0x0000000710600000, 0x0000000710500000| Complete 
| 172|0x0000000710600000, 0x0000000710700000, 0x0000000710700000|100%|HC|  |TAMS 0x0000000710700000, 0x0000000710600000| Complete 
| 173|0x0000000710700000, 0x0000000710800000, 0x0000000710800000|100%|HC|  |TAMS 0x0000000710800000, 0x0000000710700000| Complete 
| 174|0x0000000710800000, 0x0000000710900000, 0x0000000710900000|100%|HC|  |TAMS 0x0000000710900000, 0x0000000710800000| Complete 
| 175|0x0000000710900000, 0x0000000710a00000, 0x0000000710a00000|100%|HC|  |TAMS 0x0000000710a00000, 0x0000000710900000| Complete 
| 176|0x0000000710a00000, 0x0000000710b00000, 0x0000000710b00000|100%| O|  |TAMS 0x0000000710b00000, 0x0000000710a00000| Untracked 
| 177|0x0000000710b00000, 0x0000000710c00000, 0x0000000710c00000|100%| O|  |TAMS 0x0000000710c00000, 0x0000000710b00000| Untracked 
| 178|0x0000000710c00000, 0x0000000710d00000, 0x0000000710d00000|100%| O|  |TAMS 0x0000000710d00000, 0x0000000710c00000| Untracked 
| 179|0x0000000710d00000, 0x0000000710e00000, 0x0000000710e00000|100%|HS|  |TAMS 0x0000000710e00000, 0x0000000710d00000| Complete 
| 180|0x0000000710e00000, 0x0000000710f00000, 0x0000000710f00000|100%|HC|  |TAMS 0x0000000710f00000, 0x0000000710e00000| Complete 
| 181|0x0000000710f00000, 0x0000000711000000, 0x0000000711000000|100%| O|  |TAMS 0x0000000711000000, 0x0000000710f00000| Untracked 
| 182|0x0000000711000000, 0x0000000711100000, 0x0000000711100000|100%| O|  |TAMS 0x0000000711100000, 0x0000000711000000| Untracked 
| 183|0x0000000711100000, 0x0000000711200000, 0x0000000711200000|100%| O|  |TAMS 0x0000000711200000, 0x0000000711100000| Untracked 
| 184|0x0000000711200000, 0x0000000711300000, 0x0000000711300000|100%| O|  |TAMS 0x0000000711300000, 0x0000000711200000| Untracked 
| 185|0x0000000711300000, 0x0000000711400000, 0x0000000711400000|100%| O|  |TAMS 0x0000000711400000, 0x0000000711300000| Untracked 
| 186|0x0000000711400000, 0x0000000711400000, 0x0000000711500000|  0%| F|  |TAMS 0x0000000711400000, 0x0000000711400000| Untracked 
| 187|0x0000000711500000, 0x0000000711600000, 0x0000000711600000|100%|HS|  |TAMS 0x0000000711600000, 0x0000000711500000| Complete 
| 188|0x0000000711600000, 0x0000000711700000, 0x0000000711700000|100%|HC|  |TAMS 0x0000000711700000, 0x0000000711600000| Complete 
| 189|0x0000000711700000, 0x0000000711700000, 0x0000000711800000|  0%| F|  |TAMS 0x0000000711700000, 0x0000000711700000| Untracked 
| 190|0x0000000711800000, 0x0000000711800000, 0x0000000711900000|  0%| F|  |TAMS 0x0000000711800000, 0x0000000711800000| Untracked 
| 191|0x0000000711900000, 0x0000000711a00000, 0x0000000711a00000|100%| O|  |TAMS 0x0000000711a00000, 0x0000000711900000| Untracked 
| 192|0x0000000711a00000, 0x0000000711b00000, 0x0000000711b00000|100%| O|  |TAMS 0x0000000711b00000, 0x0000000711a00000| Untracked 
| 193|0x0000000711b00000, 0x0000000711b00000, 0x0000000711c00000|  0%| F|  |TAMS 0x0000000711b00000, 0x0000000711b00000| Untracked 
| 194|0x0000000711c00000, 0x0000000711d00000, 0x0000000711d00000|100%|HS|  |TAMS 0x0000000711d00000, 0x0000000711c00000| Complete 
| 195|0x0000000711d00000, 0x0000000711e00000, 0x0000000711e00000|100%|HC|  |TAMS 0x0000000711e00000, 0x0000000711d00000| Complete 
| 196|0x0000000711e00000, 0x0000000711f00000, 0x0000000711f00000|100%| O|  |TAMS 0x0000000711f00000, 0x0000000711e00000| Untracked 
| 197|0x0000000711f00000, 0x0000000712000000, 0x0000000712000000|100%|HS|  |TAMS 0x0000000712000000, 0x0000000711f00000| Complete 
| 198|0x0000000712000000, 0x0000000712100000, 0x0000000712100000|100%|HC|  |TAMS 0x0000000712100000, 0x0000000712000000| Complete 
| 199|0x0000000712100000, 0x0000000712100000, 0x0000000712200000|  0%| F|  |TAMS 0x0000000712100000, 0x0000000712100000| Untracked 
| 200|0x0000000712200000, 0x0000000712300000, 0x0000000712300000|100%| O|  |TAMS 0x0000000712300000, 0x0000000712200000| Untracked 
| 201|0x0000000712300000, 0x0000000712300000, 0x0000000712400000|  0%| F|  |TAMS 0x0000000712300000, 0x0000000712300000| Untracked 
| 202|0x0000000712400000, 0x0000000712500000, 0x0000000712500000|100%| O|  |TAMS 0x0000000712500000, 0x0000000712400000| Untracked 
| 203|0x0000000712500000, 0x0000000712600000, 0x0000000712600000|100%|HS|  |TAMS 0x0000000712600000, 0x0000000712500000| Complete 
| 204|0x0000000712600000, 0x0000000712700000, 0x0000000712700000|100%|HC|  |TAMS 0x0000000712700000, 0x0000000712600000| Complete 
| 205|0x0000000712700000, 0x0000000712800000, 0x0000000712800000|100%| O|  |TAMS 0x0000000712800000, 0x0000000712700000| Untracked 
| 206|0x0000000712800000, 0x0000000712900000, 0x0000000712900000|100%|HS|  |TAMS 0x0000000712900000, 0x0000000712800000| Complete 
| 207|0x0000000712900000, 0x0000000712a00000, 0x0000000712a00000|100%|HC|  |TAMS 0x0000000712a00000, 0x0000000712900000| Complete 
| 208|0x0000000712a00000, 0x0000000712a00000, 0x0000000712b00000|  0%| F|  |TAMS 0x0000000712a00000, 0x0000000712a00000| Untracked 
| 209|0x0000000712b00000, 0x0000000712b00000, 0x0000000712c00000|  0%| F|  |TAMS 0x0000000712b00000, 0x0000000712b00000| Untracked 
| 210|0x0000000712c00000, 0x0000000712c00000, 0x0000000712d00000|  0%| F|  |TAMS 0x0000000712c00000, 0x0000000712c00000| Untracked 
| 211|0x0000000712d00000, 0x0000000712e00000, 0x0000000712e00000|100%| O|  |TAMS 0x0000000712e00000, 0x0000000712d00000| Untracked 
| 212|0x0000000712e00000, 0x0000000712f00000, 0x0000000712f00000|100%| O|  |TAMS 0x0000000712f00000, 0x0000000712e00000| Untracked 
| 213|0x0000000712f00000, 0x0000000712f00000, 0x0000000713000000|  0%| F|  |TAMS 0x0000000712f00000, 0x0000000712f00000| Untracked 
| 214|0x0000000713000000, 0x0000000713000000, 0x0000000713100000|  0%| F|  |TAMS 0x0000000713000000, 0x0000000713000000| Untracked 
| 215|0x0000000713100000, 0x0000000713200000, 0x0000000713200000|100%|HS|  |TAMS 0x0000000713200000, 0x0000000713100000| Complete 
| 216|0x0000000713200000, 0x0000000713300000, 0x0000000713300000|100%|HC|  |TAMS 0x0000000713300000, 0x0000000713200000| Complete 
| 217|0x0000000713300000, 0x0000000713400000, 0x0000000713400000|100%|HS|  |TAMS 0x0000000713400000, 0x0000000713300000| Complete 
| 218|0x0000000713400000, 0x0000000713500000, 0x0000000713500000|100%|HC|  |TAMS 0x0000000713500000, 0x0000000713400000| Complete 
| 219|0x0000000713500000, 0x0000000713600000, 0x0000000713600000|100%| O|  |TAMS 0x0000000713600000, 0x0000000713500000| Untracked 
| 220|0x0000000713600000, 0x0000000713600000, 0x0000000713700000|  0%| F|  |TAMS 0x0000000713600000, 0x0000000713600000| Untracked 
| 221|0x0000000713700000, 0x0000000713700000, 0x0000000713800000|  0%| F|  |TAMS 0x0000000713700000, 0x0000000713700000| Untracked 
| 222|0x0000000713800000, 0x0000000713800000, 0x0000000713900000|  0%| F|  |TAMS 0x0000000713800000, 0x0000000713800000| Untracked 
| 223|0x0000000713900000, 0x0000000713900000, 0x0000000713a00000|  0%| F|  |TAMS 0x0000000713900000, 0x0000000713900000| Untracked 
| 224|0x0000000713a00000, 0x0000000713b00000, 0x0000000713b00000|100%|HS|  |TAMS 0x0000000713b00000, 0x0000000713a00000| Complete 
| 225|0x0000000713b00000, 0x0000000713c00000, 0x0000000713c00000|100%|HC|  |TAMS 0x0000000713c00000, 0x0000000713b00000| Complete 
| 226|0x0000000713c00000, 0x0000000713c00000, 0x0000000713d00000|  0%| F|  |TAMS 0x0000000713c00000, 0x0000000713c00000| Untracked 
| 227|0x0000000713d00000, 0x0000000713d00000, 0x0000000713e00000|  0%| F|  |TAMS 0x0000000713d00000, 0x0000000713d00000| Untracked 
| 228|0x0000000713e00000, 0x0000000713e00000, 0x0000000713f00000|  0%| F|  |TAMS 0x0000000713e00000, 0x0000000713e00000| Untracked 
| 229|0x0000000713f00000, 0x0000000713f00000, 0x0000000714000000|  0%| F|  |TAMS 0x0000000713f00000, 0x0000000713f00000| Untracked 
| 230|0x0000000714000000, 0x0000000714000000, 0x0000000714100000|  0%| F|  |TAMS 0x0000000714000000, 0x0000000714000000| Untracked 
| 231|0x0000000714100000, 0x0000000714100000, 0x0000000714200000|  0%| F|  |TAMS 0x0000000714100000, 0x0000000714100000| Untracked 
| 232|0x0000000714200000, 0x0000000714200000, 0x0000000714300000|  0%| F|  |TAMS 0x0000000714200000, 0x0000000714200000| Untracked 
| 233|0x0000000714300000, 0x0000000714300000, 0x0000000714400000|  0%| F|  |TAMS 0x0000000714300000, 0x0000000714300000| Untracked 
| 234|0x0000000714400000, 0x0000000714400000, 0x0000000714500000|  0%| F|  |TAMS 0x0000000714400000, 0x0000000714400000| Untracked 
| 235|0x0000000714500000, 0x0000000714500000, 0x0000000714600000|  0%| F|  |TAMS 0x0000000714500000, 0x0000000714500000| Untracked 
| 236|0x0000000714600000, 0x0000000714600000, 0x0000000714700000|  0%| F|  |TAMS 0x0000000714600000, 0x0000000714600000| Untracked 
| 237|0x0000000714700000, 0x0000000714700000, 0x0000000714800000|  0%| F|  |TAMS 0x0000000714700000, 0x0000000714700000| Untracked 
| 238|0x0000000714800000, 0x0000000714800000, 0x0000000714900000|  0%| F|  |TAMS 0x0000000714800000, 0x0000000714800000| Untracked 
| 239|0x0000000714900000, 0x0000000714900000, 0x0000000714a00000|  0%| F|  |TAMS 0x0000000714900000, 0x0000000714900000| Untracked 
| 240|0x0000000714a00000, 0x0000000714a00000, 0x0000000714b00000|  0%| F|  |TAMS 0x0000000714a00000, 0x0000000714a00000| Untracked 
| 241|0x0000000714b00000, 0x0000000714b00000, 0x0000000714c00000|  0%| F|  |TAMS 0x0000000714b00000, 0x0000000714b00000| Untracked 
| 242|0x0000000714c00000, 0x0000000714c00000, 0x0000000714d00000|  0%| F|  |TAMS 0x0000000714c00000, 0x0000000714c00000| Untracked 
| 243|0x0000000714d00000, 0x0000000714d00000, 0x0000000714e00000|  0%| F|  |TAMS 0x0000000714d00000, 0x0000000714d00000| Untracked 
| 244|0x0000000714e00000, 0x0000000714e00000, 0x0000000714f00000|  0%| F|  |TAMS 0x0000000714e00000, 0x0000000714e00000| Untracked 
| 245|0x0000000714f00000, 0x0000000714f00000, 0x0000000715000000|  0%| F|  |TAMS 0x0000000714f00000, 0x0000000714f00000| Untracked 
| 246|0x0000000715000000, 0x0000000715000000, 0x0000000715100000|  0%| F|  |TAMS 0x0000000715000000, 0x0000000715000000| Untracked 
| 247|0x0000000715100000, 0x0000000715100000, 0x0000000715200000|  0%| F|  |TAMS 0x0000000715100000, 0x0000000715100000| Untracked 
| 248|0x0000000715200000, 0x000000071522b9c0, 0x0000000715300000| 17%| S|CS|TAMS 0x0000000715200000, 0x0000000715200000| Complete 
| 249|0x0000000715300000, 0x0000000715400000, 0x0000000715400000|100%| S|CS|TAMS 0x0000000715300000, 0x0000000715300000| Complete 
| 250|0x0000000715400000, 0x0000000715400000, 0x0000000715500000|  0%| F|  |TAMS 0x0000000715400000, 0x0000000715400000| Untracked 
| 251|0x0000000715500000, 0x0000000715500000, 0x0000000715600000|  0%| F|  |TAMS 0x0000000715500000, 0x0000000715500000| Untracked 
| 252|0x0000000715600000, 0x0000000715600000, 0x0000000715700000|  0%| F|  |TAMS 0x0000000715600000, 0x0000000715600000| Untracked 
| 253|0x0000000715700000, 0x0000000715800000, 0x0000000715800000|100%|HS|  |TAMS 0x0000000715800000, 0x0000000715700000| Complete 
| 254|0x0000000715800000, 0x0000000715900000, 0x0000000715900000|100%|HC|  |TAMS 0x0000000715900000, 0x0000000715800000| Complete 
| 255|0x0000000715900000, 0x0000000715900000, 0x0000000715a00000|  0%| F|  |TAMS 0x0000000715900000, 0x0000000715900000| Untracked 
| 256|0x0000000715a00000, 0x0000000715b00000, 0x0000000715b00000|100%| O|  |TAMS 0x0000000715b00000, 0x0000000715a00000| Untracked 
| 257|0x0000000715b00000, 0x0000000715c00000, 0x0000000715c00000|100%| O|  |TAMS 0x0000000715c00000, 0x0000000715b00000| Untracked 
| 258|0x0000000715c00000, 0x0000000715d00000, 0x0000000715d00000|100%| O|  |TAMS 0x0000000715d00000, 0x0000000715c00000| Untracked 
| 259|0x0000000715d00000, 0x0000000715d00000, 0x0000000715e00000|  0%| F|  |TAMS 0x0000000715d00000, 0x0000000715d00000| Untracked 
| 260|0x0000000715e00000, 0x0000000715e00000, 0x0000000715f00000|  0%| F|  |TAMS 0x0000000715e00000, 0x0000000715e00000| Untracked 
| 261|0x0000000715f00000, 0x0000000716000000, 0x0000000716000000|100%|HS|  |TAMS 0x0000000716000000, 0x0000000715f00000| Complete 
| 262|0x0000000716000000, 0x0000000716100000, 0x0000000716100000|100%|HC|  |TAMS 0x0000000716100000, 0x0000000716000000| Complete 
| 263|0x0000000716100000, 0x0000000716200000, 0x0000000716200000|100%|HC|  |TAMS 0x0000000716200000, 0x0000000716100000| Complete 
| 264|0x0000000716200000, 0x0000000716300000, 0x0000000716300000|100%|HC|  |TAMS 0x0000000716300000, 0x0000000716200000| Complete 
| 265|0x0000000716300000, 0x0000000716400000, 0x0000000716400000|100%|HC|  |TAMS 0x0000000716400000, 0x0000000716300000| Complete 
| 266|0x0000000716400000, 0x0000000716500000, 0x0000000716500000|100%|HC|  |TAMS 0x0000000716500000, 0x0000000716400000| Complete 
| 267|0x0000000716500000, 0x0000000716600000, 0x0000000716600000|100%|HS|  |TAMS 0x0000000716600000, 0x0000000716500000| Complete 
| 268|0x0000000716600000, 0x0000000716700000, 0x0000000716700000|100%|HC|  |TAMS 0x0000000716700000, 0x0000000716600000| Complete 
| 269|0x0000000716700000, 0x0000000716800000, 0x0000000716800000|100%|HS|  |TAMS 0x0000000716800000, 0x0000000716700000| Complete 
| 270|0x0000000716800000, 0x0000000716900000, 0x0000000716900000|100%|HC|  |TAMS 0x0000000716900000, 0x0000000716800000| Complete 
| 271|0x0000000716900000, 0x0000000716a00000, 0x0000000716a00000|100%|HS|  |TAMS 0x0000000716a00000, 0x0000000716900000| Complete 
| 272|0x0000000716a00000, 0x0000000716b00000, 0x0000000716b00000|100%|HC|  |TAMS 0x0000000716b00000, 0x0000000716a00000| Complete 
| 273|0x0000000716b00000, 0x0000000716c00000, 0x0000000716c00000|100%|HS|  |TAMS 0x0000000716c00000, 0x0000000716b00000| Complete 
| 274|0x0000000716c00000, 0x0000000716d00000, 0x0000000716d00000|100%|HC|  |TAMS 0x0000000716d00000, 0x0000000716c00000| Complete 
| 275|0x0000000716d00000, 0x0000000716e00000, 0x0000000716e00000|100%|HS|  |TAMS 0x0000000716e00000, 0x0000000716d00000| Complete 
| 276|0x0000000716e00000, 0x0000000716f00000, 0x0000000716f00000|100%|HC|  |TAMS 0x0000000716f00000, 0x0000000716e00000| Complete 
| 277|0x0000000716f00000, 0x0000000717000000, 0x0000000717000000|100%|HS|  |TAMS 0x0000000717000000, 0x0000000716f00000| Complete 
| 278|0x0000000717000000, 0x0000000717100000, 0x0000000717100000|100%|HC|  |TAMS 0x0000000717100000, 0x0000000717000000| Complete 
| 279|0x0000000717100000, 0x0000000717200000, 0x0000000717200000|100%|HS|  |TAMS 0x0000000717200000, 0x0000000717100000| Complete 
| 280|0x0000000717200000, 0x0000000717300000, 0x0000000717300000|100%|HC|  |TAMS 0x0000000717300000, 0x0000000717200000| Complete 
| 281|0x0000000717300000, 0x0000000717400000, 0x0000000717400000|100%|HS|  |TAMS 0x0000000717400000, 0x0000000717300000| Complete 
| 282|0x0000000717400000, 0x0000000717500000, 0x0000000717500000|100%|HC|  |TAMS 0x0000000717500000, 0x0000000717400000| Complete 
| 283|0x0000000717500000, 0x0000000717600000, 0x0000000717600000|100%|HS|  |TAMS 0x0000000717600000, 0x0000000717500000| Complete 
| 284|0x0000000717600000, 0x0000000717700000, 0x0000000717700000|100%|HC|  |TAMS 0x0000000717700000, 0x0000000717600000| Complete 
| 285|0x0000000717700000, 0x0000000717800000, 0x0000000717800000|100%|HS|  |TAMS 0x0000000717800000, 0x0000000717700000| Complete 
| 286|0x0000000717800000, 0x0000000717900000, 0x0000000717900000|100%|HC|  |TAMS 0x0000000717900000, 0x0000000717800000| Complete 
| 287|0x0000000717900000, 0x0000000717a00000, 0x0000000717a00000|100%|HS|  |TAMS 0x0000000717a00000, 0x0000000717900000| Complete 
| 288|0x0000000717a00000, 0x0000000717b00000, 0x0000000717b00000|100%|HC|  |TAMS 0x0000000717b00000, 0x0000000717a00000| Complete 
| 289|0x0000000717b00000, 0x0000000717c00000, 0x0000000717c00000|100%|HS|  |TAMS 0x0000000717c00000, 0x0000000717b00000| Complete 
| 290|0x0000000717c00000, 0x0000000717d00000, 0x0000000717d00000|100%|HC|  |TAMS 0x0000000717d00000, 0x0000000717c00000| Complete 
| 291|0x0000000717d00000, 0x0000000717d00000, 0x0000000717e00000|  0%| F|  |TAMS 0x0000000717d00000, 0x0000000717d00000| Untracked 
| 292|0x0000000717e00000, 0x0000000717e00000, 0x0000000717f00000|  0%| F|  |TAMS 0x0000000717e00000, 0x0000000717e00000| Untracked 
| 293|0x0000000717f00000, 0x0000000717f00000, 0x0000000718000000|  0%| F|  |TAMS 0x0000000717f00000, 0x0000000717f00000| Untracked 
| 294|0x0000000718000000, 0x0000000718000000, 0x0000000718100000|  0%| F|  |TAMS 0x0000000718000000, 0x0000000718000000| Untracked 
| 295|0x0000000718100000, 0x0000000718100000, 0x0000000718200000|  0%| F|  |TAMS 0x0000000718100000, 0x0000000718100000| Untracked 
| 296|0x0000000718200000, 0x0000000718200000, 0x0000000718300000|  0%| F|  |TAMS 0x0000000718200000, 0x0000000718200000| Untracked 
| 297|0x0000000718300000, 0x0000000718300000, 0x0000000718400000|  0%| F|  |TAMS 0x0000000718300000, 0x0000000718300000| Untracked 
| 298|0x0000000718400000, 0x0000000718400000, 0x0000000718500000|  0%| F|  |TAMS 0x0000000718400000, 0x0000000718400000| Untracked 
| 299|0x0000000718500000, 0x0000000718500000, 0x0000000718600000|  0%| F|  |TAMS 0x0000000718500000, 0x0000000718500000| Untracked 
| 300|0x0000000718600000, 0x0000000718600000, 0x0000000718700000|  0%| F|  |TAMS 0x0000000718600000, 0x0000000718600000| Untracked 
| 301|0x0000000718700000, 0x0000000718700000, 0x0000000718800000|  0%| F|  |TAMS 0x0000000718700000, 0x0000000718700000| Untracked 
| 302|0x0000000718800000, 0x0000000718800000, 0x0000000718900000|  0%| F|  |TAMS 0x0000000718800000, 0x0000000718800000| Untracked 
| 303|0x0000000718900000, 0x0000000718900000, 0x0000000718a00000|  0%| F|  |TAMS 0x0000000718900000, 0x0000000718900000| Untracked 
| 304|0x0000000718a00000, 0x0000000718a00000, 0x0000000718b00000|  0%| F|  |TAMS 0x0000000718a00000, 0x0000000718a00000| Untracked 
| 305|0x0000000718b00000, 0x0000000718b00000, 0x0000000718c00000|  0%| F|  |TAMS 0x0000000718b00000, 0x0000000718b00000| Untracked 
| 306|0x0000000718c00000, 0x0000000718c00000, 0x0000000718d00000|  0%| F|  |TAMS 0x0000000718c00000, 0x0000000718c00000| Untracked 
| 307|0x0000000718d00000, 0x0000000718d00000, 0x0000000718e00000|  0%| F|  |TAMS 0x0000000718d00000, 0x0000000718d00000| Untracked 
| 308|0x0000000718e00000, 0x0000000718e00000, 0x0000000718f00000|  0%| F|  |TAMS 0x0000000718e00000, 0x0000000718e00000| Untracked 
| 309|0x0000000718f00000, 0x0000000718f00000, 0x0000000719000000|  0%| F|  |TAMS 0x0000000718f00000, 0x0000000718f00000| Untracked 
| 310|0x0000000719000000, 0x0000000719000000, 0x0000000719100000|  0%| F|  |TAMS 0x0000000719000000, 0x0000000719000000| Untracked 
| 311|0x0000000719100000, 0x0000000719100000, 0x0000000719200000|  0%| F|  |TAMS 0x0000000719100000, 0x0000000719100000| Untracked 
| 312|0x0000000719200000, 0x0000000719200000, 0x0000000719300000|  0%| F|  |TAMS 0x0000000719200000, 0x0000000719200000| Untracked 
| 313|0x0000000719300000, 0x0000000719300000, 0x0000000719400000|  0%| F|  |TAMS 0x0000000719300000, 0x0000000719300000| Untracked 
| 314|0x0000000719400000, 0x0000000719400000, 0x0000000719500000|  0%| F|  |TAMS 0x0000000719400000, 0x0000000719400000| Untracked 
| 315|0x0000000719500000, 0x0000000719500000, 0x0000000719600000|  0%| F|  |TAMS 0x0000000719500000, 0x0000000719500000| Untracked 
| 316|0x0000000719600000, 0x0000000719600000, 0x0000000719700000|  0%| F|  |TAMS 0x0000000719600000, 0x0000000719600000| Untracked 
| 317|0x0000000719700000, 0x0000000719700000, 0x0000000719800000|  0%| F|  |TAMS 0x0000000719700000, 0x0000000719700000| Untracked 
| 318|0x0000000719800000, 0x0000000719800000, 0x0000000719900000|  0%| F|  |TAMS 0x0000000719800000, 0x0000000719800000| Untracked 
| 319|0x0000000719900000, 0x0000000719900000, 0x0000000719a00000|  0%| F|  |TAMS 0x0000000719900000, 0x0000000719900000| Untracked 
| 320|0x0000000719a00000, 0x0000000719a00000, 0x0000000719b00000|  0%| F|  |TAMS 0x0000000719a00000, 0x0000000719a00000| Untracked 
| 321|0x0000000719b00000, 0x0000000719b00000, 0x0000000719c00000|  0%| F|  |TAMS 0x0000000719b00000, 0x0000000719b00000| Untracked 
| 322|0x0000000719c00000, 0x0000000719c00000, 0x0000000719d00000|  0%| F|  |TAMS 0x0000000719c00000, 0x0000000719c00000| Untracked 
| 323|0x0000000719d00000, 0x0000000719d00000, 0x0000000719e00000|  0%| F|  |TAMS 0x0000000719d00000, 0x0000000719d00000| Untracked 
| 324|0x0000000719e00000, 0x0000000719e00000, 0x0000000719f00000|  0%| F|  |TAMS 0x0000000719e00000, 0x0000000719e00000| Untracked 
| 325|0x0000000719f00000, 0x0000000719f00000, 0x000000071a000000|  0%| F|  |TAMS 0x0000000719f00000, 0x0000000719f00000| Untracked 
| 326|0x000000071a000000, 0x000000071a000000, 0x000000071a100000|  0%| F|  |TAMS 0x000000071a000000, 0x000000071a000000| Untracked 
| 327|0x000000071a100000, 0x000000071a100000, 0x000000071a200000|  0%| F|  |TAMS 0x000000071a100000, 0x000000071a100000| Untracked 
| 328|0x000000071a200000, 0x000000071a200000, 0x000000071a300000|  0%| F|  |TAMS 0x000000071a200000, 0x000000071a200000| Untracked 
| 329|0x000000071a300000, 0x000000071a300000, 0x000000071a400000|  0%| F|  |TAMS 0x000000071a300000, 0x000000071a300000| Untracked 
| 330|0x000000071a400000, 0x000000071a400000, 0x000000071a500000|  0%| F|  |TAMS 0x000000071a400000, 0x000000071a400000| Untracked 
| 331|0x000000071a500000, 0x000000071a500000, 0x000000071a600000|  0%| F|  |TAMS 0x000000071a500000, 0x000000071a500000| Untracked 
| 332|0x000000071a600000, 0x000000071a600000, 0x000000071a700000|  0%| F|  |TAMS 0x000000071a600000, 0x000000071a600000| Untracked 
| 333|0x000000071a700000, 0x000000071a700000, 0x000000071a800000|  0%| F|  |TAMS 0x000000071a700000, 0x000000071a700000| Untracked 
| 334|0x000000071a800000, 0x000000071a800000, 0x000000071a900000|  0%| F|  |TAMS 0x000000071a800000, 0x000000071a800000| Untracked 
| 335|0x000000071a900000, 0x000000071a900000, 0x000000071aa00000|  0%| F|  |TAMS 0x000000071a900000, 0x000000071a900000| Untracked 
| 336|0x000000071aa00000, 0x000000071aa00000, 0x000000071ab00000|  0%| F|  |TAMS 0x000000071aa00000, 0x000000071aa00000| Untracked 
| 337|0x000000071ab00000, 0x000000071ab00000, 0x000000071ac00000|  0%| F|  |TAMS 0x000000071ab00000, 0x000000071ab00000| Untracked 
| 338|0x000000071ac00000, 0x000000071ac00000, 0x000000071ad00000|  0%| F|  |TAMS 0x000000071ac00000, 0x000000071ac00000| Untracked 
| 339|0x000000071ad00000, 0x000000071ad07338, 0x000000071ae00000|  2%| E|  |TAMS 0x000000071ad00000, 0x000000071ad00000| Complete 
| 340|0x000000071ae00000, 0x000000071af00000, 0x000000071af00000|100%| E|CS|TAMS 0x000000071ae00000, 0x000000071ae00000| Complete 
| 341|0x000000071af00000, 0x000000071b000000, 0x000000071b000000|100%| E|CS|TAMS 0x000000071af00000, 0x000000071af00000| Complete 
| 342|0x000000071b000000, 0x000000071b100000, 0x000000071b100000|100%| E|CS|TAMS 0x000000071b000000, 0x000000071b000000| Complete 
| 343|0x000000071b100000, 0x000000071b200000, 0x000000071b200000|100%| E|CS|TAMS 0x000000071b100000, 0x000000071b100000| Complete 
| 344|0x000000071b200000, 0x000000071b300000, 0x000000071b300000|100%| E|CS|TAMS 0x000000071b200000, 0x000000071b200000| Complete 
| 345|0x000000071b300000, 0x000000071b400000, 0x000000071b400000|100%| E|CS|TAMS 0x000000071b300000, 0x000000071b300000| Complete 
| 346|0x000000071b400000, 0x000000071b500000, 0x000000071b500000|100%| E|CS|TAMS 0x000000071b400000, 0x000000071b400000| Complete 
| 347|0x000000071b500000, 0x000000071b600000, 0x000000071b600000|100%| E|CS|TAMS 0x000000071b500000, 0x000000071b500000| Complete 
| 348|0x000000071b600000, 0x000000071b700000, 0x000000071b700000|100%| E|CS|TAMS 0x000000071b600000, 0x000000071b600000| Complete 
| 349|0x000000071b700000, 0x000000071b800000, 0x000000071b800000|100%| E|CS|TAMS 0x000000071b700000, 0x000000071b700000| Complete 
| 350|0x000000071b800000, 0x000000071b900000, 0x000000071b900000|100%| E|CS|TAMS 0x000000071b800000, 0x000000071b800000| Complete 
| 351|0x000000071b900000, 0x000000071ba00000, 0x000000071ba00000|100%| E|CS|TAMS 0x000000071b900000, 0x000000071b900000| Complete 
| 352|0x000000071ba00000, 0x000000071bb00000, 0x000000071bb00000|100%| E|CS|TAMS 0x000000071ba00000, 0x000000071ba00000| Complete 
| 353|0x000000071bb00000, 0x000000071bc00000, 0x000000071bc00000|100%| E|CS|TAMS 0x000000071bb00000, 0x000000071bb00000| Complete 
| 354|0x000000071bc00000, 0x000000071bd00000, 0x000000071bd00000|100%| E|CS|TAMS 0x000000071bc00000, 0x000000071bc00000| Complete 
| 355|0x000000071bd00000, 0x000000071be00000, 0x000000071be00000|100%| E|CS|TAMS 0x000000071bd00000, 0x000000071bd00000| Complete 
| 356|0x000000071be00000, 0x000000071bf00000, 0x000000071bf00000|100%| E|CS|TAMS 0x000000071be00000, 0x000000071be00000| Complete 
| 357|0x000000071bf00000, 0x000000071c000000, 0x000000071c000000|100%| E|CS|TAMS 0x000000071bf00000, 0x000000071bf00000| Complete 
| 358|0x000000071c000000, 0x000000071c100000, 0x000000071c100000|100%| E|CS|TAMS 0x000000071c000000, 0x000000071c000000| Complete 
| 359|0x000000071c100000, 0x000000071c200000, 0x000000071c200000|100%| E|CS|TAMS 0x000000071c100000, 0x000000071c100000| Complete 
| 360|0x000000071c200000, 0x000000071c300000, 0x000000071c300000|100%| E|CS|TAMS 0x000000071c200000, 0x000000071c200000| Complete 
| 361|0x000000071c300000, 0x000000071c400000, 0x000000071c400000|100%| E|CS|TAMS 0x000000071c300000, 0x000000071c300000| Complete 
| 362|0x000000071c400000, 0x000000071c500000, 0x000000071c500000|100%| E|CS|TAMS 0x000000071c400000, 0x000000071c400000| Complete 
| 363|0x000000071c500000, 0x000000071c600000, 0x000000071c600000|100%| E|CS|TAMS 0x000000071c500000, 0x000000071c500000| Complete 
| 364|0x000000071c600000, 0x000000071c700000, 0x000000071c700000|100%| E|CS|TAMS 0x000000071c600000, 0x000000071c600000| Complete 
| 365|0x000000071c700000, 0x000000071c800000, 0x000000071c800000|100%| E|CS|TAMS 0x000000071c700000, 0x000000071c700000| Complete 
| 366|0x000000071c800000, 0x000000071c900000, 0x000000071c900000|100%| E|CS|TAMS 0x000000071c800000, 0x000000071c800000| Complete 
| 367|0x000000071c900000, 0x000000071ca00000, 0x000000071ca00000|100%| E|CS|TAMS 0x000000071c900000, 0x000000071c900000| Complete 
| 368|0x000000071ca00000, 0x000000071cb00000, 0x000000071cb00000|100%| E|CS|TAMS 0x000000071ca00000, 0x000000071ca00000| Complete 
| 369|0x000000071cb00000, 0x000000071cc00000, 0x000000071cc00000|100%| E|CS|TAMS 0x000000071cb00000, 0x000000071cb00000| Complete 
| 370|0x000000071cc00000, 0x000000071cd00000, 0x000000071cd00000|100%| E|CS|TAMS 0x000000071cc00000, 0x000000071cc00000| Complete 
| 371|0x000000071cd00000, 0x000000071ce00000, 0x000000071ce00000|100%| E|CS|TAMS 0x000000071cd00000, 0x000000071cd00000| Complete 

Card table byte_map: [0x00000264c52f0000,0x00000264c5ad0000] _byte_map_base: 0x00000264c1ac3000

Marking Bits (Prev, Next): (CMBitMap*) 0x00000264acc77bc8, (CMBitMap*) 0x00000264acc77c00
 Prev Bits: [0x00000264c62b0000, 0x00000264ca148000)
 Next Bits: [0x00000264ca150000, 0x00000264cdfe8000)

Polling page: 0x00000264ab360000

Metaspace:

Usage:
  Non-class:     29.91 MB capacity,    29.54 MB ( 99%) used,   287.99 KB ( <1%) free+waste,    82.94 KB ( <1%) overhead. 
      Class:      3.63 MB capacity,     3.36 MB ( 93%) used,   240.88 KB (  6%) free+waste,    37.31 KB (  1%) overhead. 
       Both:     33.54 MB capacity,    32.90 MB ( 98%) used,   528.87 KB (  2%) free+waste,   120.25 KB ( <1%) overhead. 

Virtual space:
  Non-class space:       30.00 MB reserved,      30.00 MB (100%) committed 
      Class space:        1.00 GB reserved,       3.75 MB ( <1%) committed 
             Both:        1.03 GB reserved,      33.75 MB (  3%) committed 

Chunk freelists:
   Non-Class:  3.88 KB
       Class:  3.25 KB
        Both:  7.13 KB

CodeHeap 'non-profiled nmethods': size=120000Kb used=9887Kb max_used=9973Kb free=110112Kb
 bounds [0x00000264bcb80000, 0x00000264bd560000, 0x00000264c40b0000]
CodeHeap 'profiled nmethods': size=120000Kb used=17819Kb max_used=19591Kb free=102180Kb
 bounds [0x00000264b5650000, 0x00000264b6980000, 0x00000264bcb80000]
CodeHeap 'non-nmethods': size=5760Kb used=1438Kb max_used=1540Kb free=4321Kb
 bounds [0x00000264b50b0000, 0x00000264b5320000, 0x00000264b5650000]
 total_blobs=8386 nmethods=7626 adapters=677
 compilation: enabled
              stopped_count=0, restarted_count=0
 full_count=0

Compilation events (10 events):
Event: 332.604 Thread 0x00000264d1450000 nmethod 8430 0x00000264b5699490 code [0x00000264b5699620, 0x00000264b5699738]
Event: 332.662 Thread 0x00000264d1450000 8432   !   3       java.awt.KeyboardFocusManager::getFirstHWRequest (36 bytes)
Event: 332.663 Thread 0x00000264d1450000 nmethod 8432 0x00000264b5741090 code [0x00000264b5741280, 0x00000264b5741848]
Event: 332.663 Thread 0x00000264d1450000 8433       3       sun.awt.windows.WKeyboardFocusManagerPeer::setCurrentFocusOwner (23 bytes)
Event: 332.663 Thread 0x00000264d1450000 nmethod 8433 0x00000264b572b690 code [0x00000264b572b880, 0x00000264b572bc58]
Event: 332.664 Thread 0x00000264d1450000 8434       3       java.awt.image.AbstractMultiResolutionImage::<init> (5 bytes)
Event: 332.664 Thread 0x00000264d1450000 nmethod 8434 0x00000264b569ed10 code [0x00000264b569eec0, 0x00000264b569f078]
Event: 333.842 Thread 0x00000264d1450000 8435       3       sun.swing.CachedPainter$PainterMultiResolutionCachedImage::<init> (20 bytes)
Event: 333.842 Thread 0x00000264d1450000 nmethod 8435 0x00000264b56da390 code [0x00000264b56da540, 0x00000264b56da7d8]
Event: 333.935 Thread 0x00000264d1443800 8436   !   4       java.awt.KeyboardFocusManager::clearMostRecentFocusOwner (110 bytes)

GC Heap History (10 events):
Event: 332.390 GC heap before
{Heap before GC invocations=608 (full 0):
 garbage-first heap   total 380928K, used 339672K [0x0000000705a00000, 0x0000000800000000)
  region size 1024K, 88 young (90112K), 1 survivors (1024K)
 Metaspace       used 33599K, capacity 34279K, committed 34560K, reserved 1079296K
  class space    used 3420K, capacity 3718K, committed 3840K, reserved 1048576K
}
Event: 332.391 GC heap after
{Heap after GC invocations=609 (full 0):
 garbage-first heap   total 380928K, used 251627K [0x0000000705a00000, 0x0000000800000000)
  region size 1024K, 1 young (1024K), 1 survivors (1024K)
 Metaspace       used 33599K, capacity 34279K, committed 34560K, reserved 1079296K
  class space    used 3420K, capacity 3718K, committed 3840K, reserved 1048576K
}
Event: 332.767 GC heap before
{Heap before GC invocations=609 (full 0):
 garbage-first heap   total 380928K, used 340715K [0x0000000705a00000, 0x0000000800000000)
  region size 1024K, 89 young (91136K), 1 survivors (1024K)
 Metaspace       used 33693K, capacity 34343K, committed 34560K, reserved 1079296K
  class space    used 3439K, capacity 3718K, committed 3840K, reserved 1048576K
}
Event: 332.768 GC heap after
{Heap after GC invocations=610 (full 0):
 garbage-first heap   total 380928K, used 251942K [0x0000000705a00000, 0x0000000800000000)
  region size 1024K, 2 young (2048K), 2 survivors (2048K)
 Metaspace       used 33693K, capacity 34343K, committed 34560K, reserved 1079296K
  class space    used 3439K, capacity 3718K, committed 3840K, reserved 1048576K
}
Event: 333.118 GC heap before
{Heap before GC invocations=610 (full 0):
 garbage-first heap   total 380928K, used 338982K [0x0000000705a00000, 0x0000000800000000)
  region size 1024K, 87 young (89088K), 2 survivors (2048K)
 Metaspace       used 33693K, capacity 34343K, committed 34560K, reserved 1079296K
  class space    used 3439K, capacity 3718K, committed 3840K, reserved 1048576K
}
Event: 333.119 GC heap after
{Heap after GC invocations=611 (full 0):
 garbage-first heap   total 380928K, used 252026K [0x0000000705a00000, 0x0000000800000000)
  region size 1024K, 2 young (2048K), 2 survivors (2048K)
 Metaspace       used 33693K, capacity 34343K, committed 34560K, reserved 1079296K
  class space    used 3439K, capacity 3718K, committed 3840K, reserved 1048576K
}
Event: 333.466 GC heap before
{Heap before GC invocations=611 (full 0):
 garbage-first heap   total 380928K, used 342138K [0x0000000705a00000, 0x0000000800000000)
  region size 1024K, 91 young (93184K), 2 survivors (2048K)
 Metaspace       used 33693K, capacity 34343K, committed 34560K, reserved 1079296K
  class space    used 3439K, capacity 3718K, committed 3840K, reserved 1048576K
}
Event: 333.468 GC heap after
{Heap after GC invocations=612 (full 0):
 garbage-first heap   total 380928K, used 251911K [0x0000000705a00000, 0x0000000800000000)
  region size 1024K, 2 young (2048K), 2 survivors (2048K)
 Metaspace       used 33693K, capacity 34343K, committed 34560K, reserved 1079296K
  class space    used 3439K, capacity 3718K, committed 3840K, reserved 1048576K
}
Event: 333.803 GC heap before
{Heap before GC invocations=612 (full 0):
 garbage-first heap   total 380928K, used 339975K [0x0000000705a00000, 0x0000000800000000)
  region size 1024K, 89 young (91136K), 2 survivors (2048K)
 Metaspace       used 33693K, capacity 34343K, committed 34560K, reserved 1079296K
  class space    used 3439K, capacity 3718K, committed 3840K, reserved 1048576K
}
Event: 333.804 GC heap after
{Heap after GC invocations=613 (full 0):
 garbage-first heap   total 380928K, used 252018K [0x0000000705a00000, 0x0000000800000000)
  region size 1024K, 2 young (2048K), 2 survivors (2048K)
 Metaspace       used 33693K, capacity 34343K, committed 34560K, reserved 1079296K
  class space    used 3439K, capacity 3718K, committed 3840K, reserved 1048576K
}

Deoptimization events (10 events):
Event: 333.935 Thread 0x00000264de0ef000 Uncommon trap: reason=unhandled action=none pc=0x00000264bd28234c method=org.insa.graphs.algorithm.utils.BinaryHeap.remove(Ljava/lang/Comparable;)V @ 73 c2
Event: 333.935 Thread 0x00000264de0ef000 Uncommon trap: reason=unhandled action=none pc=0x00000264bd28234c method=org.insa.graphs.algorithm.utils.BinaryHeap.remove(Ljava/lang/Comparable;)V @ 73 c2
Event: 333.935 Thread 0x00000264de0ef000 Uncommon trap: reason=unhandled action=none pc=0x00000264bd28234c method=org.insa.graphs.algorithm.utils.BinaryHeap.remove(Ljava/lang/Comparable;)V @ 73 c2
Event: 333.936 Thread 0x00000264de0ef000 Uncommon trap: reason=unhandled action=none pc=0x00000264bd28234c method=org.insa.graphs.algorithm.utils.BinaryHeap.remove(Ljava/lang/Comparable;)V @ 73 c2
Event: 333.936 Thread 0x00000264de0ef000 Uncommon trap: reason=unhandled action=none pc=0x00000264bd28234c method=org.insa.graphs.algorithm.utils.BinaryHeap.remove(Ljava/lang/Comparable;)V @ 73 c2
Event: 333.936 Thread 0x00000264de0ef000 Uncommon trap: reason=unhandled action=none pc=0x00000264bd28234c method=org.insa.graphs.algorithm.utils.BinaryHeap.remove(Ljava/lang/Comparable;)V @ 73 c2
Event: 333.936 Thread 0x00000264de0ef000 Uncommon trap: reason=unhandled action=none pc=0x00000264bd28234c method=org.insa.graphs.algorithm.utils.BinaryHeap.remove(Ljava/lang/Comparable;)V @ 73 c2
Event: 333.938 Thread 0x00000264de0ef000 Uncommon trap: reason=unhandled action=none pc=0x00000264bd28234c method=org.insa.graphs.algorithm.utils.BinaryHeap.remove(Ljava/lang/Comparable;)V @ 73 c2
Event: 333.938 Thread 0x00000264d2996000 Uncommon trap: reason=class_check action=maybe_recompile pc=0x00000264bd10707c method=java.lang.Throwable.<init>()V @ 24 c2
Event: 333.938 Thread 0x00000264de0ef000 Uncommon trap: reason=unhandled action=none pc=0x00000264bd28234c method=org.insa.graphs.algorithm.utils.BinaryHeap.remove(Ljava/lang/Comparable;)V @ 73 c2

Classes redefined (0 events):
No events

Internal exceptions (10 events):
Event: 54.946 Thread 0x00000264d611d800 Exception <a 'java/lang/NoSuchMethodError'{0x0000000718ba12d0}: java.lang.invoke.DirectMethodHandle$Holder.invokeSpecial(Ljava/lang/Object;Ljava/lang/Object;IILjava/lang/Object;Ljava/lang/Object;Ljava/lang/Object;Ljava/lang/Object;)Ljava/lang/Object;> (0x
Event: 54.946 Thread 0x00000264d611d800 Exception <a 'java/lang/NoSuchMethodError'{0x0000000718ba4a08}: java.lang.invoke.DelegatingMethodHandle$Holder.reinvoke_L(Ljava/lang/Object;IILjava/lang/Object;Ljava/lang/Object;Ljava/lang/Object;Ljava/lang/Object;)Ljava/lang/Object;> (0x0000000718ba4a08)
Event: 54.947 Thread 0x00000264d611d800 Exception <a 'java/lang/NoSuchMethodError'{0x0000000718bd9950}: java.lang.invoke.DirectMethodHandle$Holder.invokeStatic(Ljava/lang/Object;Ljava/lang/Object;Ljava/lang/Object;Ljava/lang/Object;Ljava/lang/Object;Ljava/lang/Object;Ljava/lang/Object;Ljava/lan
Event: 54.948 Thread 0x00000264d611d800 Exception <a 'java/lang/NoSuchMethodError'{0x0000000718bf7260}: java.lang.invoke.DirectMethodHandle$Holder.invokeStatic(Ljava/lang/Object;Ljava/lang/Object;Ljava/lang/Object;Ljava/lang/Object;Ljava/lang/Object;Ljava/lang/Object;Ljava/lang/Object;Ljava/lan
Event: 108.709 Thread 0x00000264d2996000 Implicit null exception at 0x00000264bd0fc3af to 0x00000264bd0fccc8
Event: 133.086 Thread 0x00000264d2996000 Implicit null exception at 0x00000264bd2d10fc to 0x00000264bd2d3fd4
Event: 326.908 Thread 0x00000264d2996000 Exception <a 'java/lang/NoSuchMethodError'{0x000000071c201220}: java.lang.invoke.DirectMethodHandle$Holder.invokeSpecialIFC(Ljava/lang/Object;Ljava/lang/Object;I)I> (0x000000071c201220) thrown at [./open/src/hotspot/share/interpreter/linkResolver.cpp, lin
Event: 327.116 Thread 0x00000264d2996000 Implicit null exception at 0x00000264bd0219c7 to 0x00000264bd025990
Event: 333.938 Thread 0x00000264d2996000 JVM_StopThread thread JavaThread 0x00000264de0ef000 as oop 0x00000007084e3b50 [exception 0x00000069498fb2e8]
Event: 333.938 Thread 0x00000264de0ef000 Exception <a 'java/lang/ThreadDeath'{0x000000071ad00288}> (0x000000071ad00288) thrown at [./open/src/hotspot/share/prims/jni.cpp, line 611]

Events (10 events):
Event: 333.938 Thread 0x00000264de0ef000 DEOPT PACKING pc=0x00000264bd28234c sp=0x000000694a5fe9c0
Event: 333.938 Thread 0x00000264d2996000 DEOPT PACKING pc=0x00000264bd10707c sp=0x00000069498fb1b0
Event: 333.938 Thread 0x00000264de0ef000 DEOPT UNPACKING pc=0x00000264b50b83af sp=0x000000694a5fea80 mode 2
Event: 333.938 Thread 0x00000264d2996000 DEOPT UNPACKING pc=0x00000264b50b83af sp=0x00000069498fb180 mode 2
Event: 333.938 Thread 0x00000264de0ef000 Uncommon trap: trap_request=0xffffff9f fr.pc=0x00000264bd28234c relative=0x00000000000047cc
Event: 333.938 Executing VM operation: ThreadStop
Event: 333.938 Thread 0x00000264de0ef000 DEOPT PACKING pc=0x00000264bd28234c sp=0x000000694a5fe9c0
Event: 333.938 Thread 0x00000264de0ef000 DEOPT UNPACKING pc=0x00000264b50b83af sp=0x000000694a5fea80 mode 2
Event: 333.938 Executing VM operation: ThreadStop done
Event: 333.941 Executing VM operation: RevokeBias


Dynamic libraries:
0x00007ff66f1a0000 - 0x00007ff66f1af000 	C:\Program Files\Java\jdk-11.0.10\bin\javaw.exe
0x00007ffb24070000 - 0x00007ffb24265000 	C:\windows\SYSTEM32\ntdll.dll
0x00007ffb228d0000 - 0x00007ffb2298d000 	C:\windows\System32\KERNEL32.DLL
0x00007ffb217b0000 - 0x00007ffb21a78000 	C:\windows\System32\KERNELBASE.dll
0x00007ffb21d20000 - 0x00007ffb21e20000 	C:\windows\System32\ucrtbase.dll
0x00007ffae8330000 - 0x00007ffae8348000 	C:\Program Files\Java\jdk-11.0.10\bin\jli.dll
0x00007ffae8400000 - 0x00007ffae8415000 	C:\Program Files\Java\jdk-11.0.10\bin\VCRUNTIME140.dll
0x00007ffb235d0000 - 0x00007ffb2367c000 	C:\windows\System32\ADVAPI32.dll
0x00007ffb23f60000 - 0x00007ffb23ffe000 	C:\windows\System32\msvcrt.dll
0x00007ffb22290000 - 0x00007ffb2232b000 	C:\windows\System32\sechost.dll
0x00007ffb23da0000 - 0x00007ffb23ecb000 	C:\windows\System32\RPCRT4.dll
0x00007ffb22330000 - 0x00007ffb224d0000 	C:\windows\System32\USER32.dll
0x00007ffb21b10000 - 0x00007ffb21b32000 	C:\windows\System32\win32u.dll
0x00007ffb23f30000 - 0x00007ffb23f5a000 	C:\windows\System32\GDI32.dll
0x00007ffb055a0000 - 0x00007ffb0583a000 	C:\windows\WinSxS\amd64_microsoft.windows.common-controls_6595b64144ccf1df_6.0.19041.844_none_ca00b6081b84eb1d\COMCTL32.dll
0x00007ffb21bc0000 - 0x00007ffb21ccb000 	C:\windows\System32\gdi32full.dll
0x00007ffb22030000 - 0x00007ffb220cd000 	C:\windows\System32\msvcp_win.dll
0x00007ffb15010000 - 0x00007ffb1501a000 	C:\windows\SYSTEM32\VERSION.dll
0x00007ffb24000000 - 0x00007ffb24030000 	C:\windows\System32\IMM32.DLL
0x00007ffad62b0000 - 0x00007ffad634b000 	C:\Program Files\Java\jdk-11.0.10\bin\msvcp140.dll
0x00007ffac42c0000 - 0x00007ffac4dbb000 	C:\Program Files\Java\jdk-11.0.10\bin\server\jvm.dll
0x00007ffb230e0000 - 0x00007ffb230e8000 	C:\windows\System32\PSAPI.DLL
0x00007ffb07140000 - 0x00007ffb07167000 	C:\windows\SYSTEM32\WINMM.dll
0x00007ffb01a60000 - 0x00007ffb01a69000 	C:\windows\SYSTEM32\WSOCK32.dll
0x00007ffb23410000 - 0x00007ffb2347b000 	C:\windows\System32\WS2_32.dll
0x00007ffb20080000 - 0x00007ffb20092000 	C:\windows\SYSTEM32\kernel.appcore.dll
0x00007ffae8ce0000 - 0x00007ffae8cf0000 	C:\Program Files\Java\jdk-11.0.10\bin\verify.dll
0x00007ffb1f580000 - 0x00007ffb1f764000 	C:\windows\SYSTEM32\DBGHELP.DLL
0x00007ffb030e0000 - 0x00007ffb0310c000 	C:\windows\SYSTEM32\dbgcore.DLL
0x00007ffb21b40000 - 0x00007ffb21bc0000 	C:\windows\System32\bcryptPrimitives.dll
0x00007ffae1eb0000 - 0x00007ffae1ed8000 	C:\Program Files\Java\jdk-11.0.10\bin\java.dll
0x00007ffae8670000 - 0x00007ffae867a000 	C:\Program Files\Java\jdk-11.0.10\bin\jimage.dll
0x00007ffad86b0000 - 0x00007ffad86e8000 	C:\Program Files\Java\jdk-11.0.10\bin\jdwp.dll
0x00007ffb1b7b0000 - 0x00007ffb1b7be000 	C:\Program Files\Java\jdk-11.0.10\bin\instrument.dll
0x00007ffae15d0000 - 0x00007ffae15e6000 	C:\Program Files\Java\jdk-11.0.10\bin\zip.dll
0x00007ffb22990000 - 0x00007ffb230d2000 	C:\windows\System32\SHELL32.dll
0x00007ffb1f770000 - 0x00007ffb1ff00000 	C:\windows\SYSTEM32\windows.storage.dll
0x00007ffb22550000 - 0x00007ffb228a5000 	C:\windows\System32\combase.dll
0x00007ffb21220000 - 0x00007ffb2124c000 	C:\windows\SYSTEM32\Wldp.dll
0x00007ffb23360000 - 0x00007ffb2340e000 	C:\windows\System32\SHCORE.dll
0x00007ffb23560000 - 0x00007ffb235b5000 	C:\windows\System32\shlwapi.dll
0x00007ffb216f0000 - 0x00007ffb2170f000 	C:\windows\SYSTEM32\profapi.dll
0x00007ffae79d0000 - 0x00007ffae79da000 	C:\Program Files\Java\jdk-11.0.10\bin\dt_socket.dll
0x00007ffb20f90000 - 0x00007ffb20ffa000 	C:\windows\System32\mswsock.dll
0x00007ffb20c80000 - 0x00007ffb20d4c000 	C:\windows\SYSTEM32\DNSAPI.dll
0x00007ffb20c30000 - 0x00007ffb20c6b000 	C:\windows\SYSTEM32\IPHLPAPI.DLL
0x00007ffb220d0000 - 0x00007ffb220d8000 	C:\windows\System32\NSI.dll
0x00007ffb12d70000 - 0x00007ffb12def000 	C:\windows\System32\fwpuclnt.dll
0x00007ffb21a80000 - 0x00007ffb21aa7000 	C:\windows\System32\bcrypt.dll
0x00007ffb15000000 - 0x00007ffb1500a000 	C:\Windows\System32\rasadhlp.dll
0x00007ffae1430000 - 0x00007ffae1449000 	C:\Program Files\Java\jdk-11.0.10\bin\net.dll
0x00007ffb1bdd0000 - 0x00007ffb1bedb000 	C:\windows\SYSTEM32\WINHTTP.dll
0x00007ffae13b0000 - 0x00007ffae13c2000 	C:\Program Files\Java\jdk-11.0.10\bin\nio.dll
0x00007ffac8b60000 - 0x00007ffac8cfa000 	C:\Program Files\Java\jdk-11.0.10\bin\awt.dll
0x00007ffb23730000 - 0x00007ffb237fd000 	C:\windows\System32\OLEAUT32.dll
0x00007ffb1e670000 - 0x00007ffb1e700000 	C:\windows\SYSTEM32\apphelp.dll
0x00007ffb1eba0000 - 0x00007ffb1ec3e000 	C:\windows\system32\uxtheme.dll
0x00007ffb230f0000 - 0x00007ffb23205000 	C:\windows\System32\MSCTF.dll
0x00007ffb23c70000 - 0x00007ffb23d9a000 	C:\windows\System32\ole32.dll
0x00007ffb1ee80000 - 0x00007ffb1eeaf000 	C:\windows\system32\DWMAPI.DLL
0x00007ffae48d0000 - 0x00007ffae49f6000 	C:\windows\system32\opengl32.dll
0x00007ffae9760000 - 0x00007ffae978c000 	C:\windows\SYSTEM32\GLU32.dll
0x00007ffae6e00000 - 0x00007ffae6e85000 	C:\Program Files\Java\jdk-11.0.10\bin\freetype.dll
0x00007ffae40b0000 - 0x00007ffae416c000 	C:\Program Files\Java\jdk-11.0.10\bin\harfbuzz.dll
0x00007ffb1ba10000 - 0x00007ffb1ba22000 	C:\Program Files\Java\jdk-11.0.10\bin\fontmanager.dll
0x00007ffb21170000 - 0x00007ffb21188000 	C:\windows\SYSTEM32\CRYPTSP.dll
0x00007ffb208c0000 - 0x00007ffb208f4000 	C:\windows\system32\rsaenh.dll
0x00007ffb216b0000 - 0x00007ffb216de000 	C:\windows\SYSTEM32\USERENV.dll
0x00007ffb21160000 - 0x00007ffb2116c000 	C:\windows\SYSTEM32\CRYPTBASE.dll
0x00007ffb14e50000 - 0x00007ffb14e67000 	C:\windows\SYSTEM32\dhcpcsvc6.DLL
0x00007ffb152b0000 - 0x00007ffb152cd000 	C:\windows\SYSTEM32\dhcpcsvc.DLL
0x00007ffae4070000 - 0x00007ffae40af000 	C:\Program Files\Java\jdk-11.0.10\bin\lcms.dll
0x00007ffb23680000 - 0x00007ffb23729000 	C:\windows\System32\clbcatq.dll
0x00007ffb15460000 - 0x00007ffb15614000 	C:\windows\SYSTEM32\WindowsCodecs.dll
0x00007ffaf9980000 - 0x00007ffaf99be000 	C:\windows\system32\dataexchange.dll
0x00007ffb1d460000 - 0x00007ffb1d645000 	C:\windows\system32\dcomp.dll
0x00007ffb1c7d0000 - 0x00007ffb1ca34000 	C:\windows\system32\d3d11.dll
0x00007ffb200f0000 - 0x00007ffb201e4000 	C:\windows\system32\dxgi.dll
0x00007ffb15ce0000 - 0x00007ffb15ee1000 	C:\windows\system32\twinapi.appcore.dll
0x00007ffafd560000 - 0x00007ffafd659000 	C:\windows\SYSTEM32\textinputframework.dll
0x00007ffb1d710000 - 0x00007ffb1da6e000 	C:\windows\System32\CoreUIComponents.dll
0x00007ffb1de00000 - 0x00007ffb1def2000 	C:\windows\System32\CoreMessaging.dll
0x00007ffb20580000 - 0x00007ffb205b3000 	C:\windows\SYSTEM32\ntmarta.dll
0x00007ffb1c520000 - 0x00007ffb1c674000 	C:\windows\SYSTEM32\wintypes.dll
0x00007ffae5340000 - 0x00007ffae53a6000 	C:\windows\system32\Oleacc.dll
0x00007ffadf600000 - 0x00007ffadf609000 	C:\Program Files\Java\jdk-11.0.10\bin\prefs.dll
0x00007ffb03760000 - 0x00007ffb03810000 	C:\windows\WinSxS\amd64_microsoft.windows.common-controls_6595b64144ccf1df_5.82.19041.844_none_423537bff6b9828c\comctl32.dll
0x00007ffb21cd0000 - 0x00007ffb21d1e000 	C:\windows\System32\CFGMGR32.dll
0x00007ffb1ff30000 - 0x00007ffb20027000 	C:\windows\system32\propsys.dll
0x00007ffad2510000 - 0x00007ffad2527000 	C:\windows\system32\NetworkExplorer.dll
0x00007ffae7350000 - 0x00007ffae73b6000 	C:\Windows\System32\thumbcache.dll
0x00007ffae4a00000 - 0x00007ffae4a09000 	C:\windows\system32\IconCodecService.dll
0x00007ffb1d670000 - 0x00007ffb1d710000 	C:\windows\SYSTEM32\policymanager.dll
0x00007ffb20950000 - 0x00007ffb209da000 	C:\windows\SYSTEM32\msvcp110_win.dll
0x00007ffb05b00000 - 0x00007ffb05b1d000 	C:\windows\SYSTEM32\MPR.dll
0x00007ffb1c770000 - 0x00007ffb1c77b000 	C:\windows\System32\drprov.dll
0x00007ffb205f0000 - 0x00007ffb2064a000 	C:\windows\System32\WINSTA.dll
0x00007ffb1b7c0000 - 0x00007ffb1b7d8000 	C:\windows\System32\ntlanman.dll
0x00007ffb1b4a0000 - 0x00007ffb1b4be000 	C:\windows\System32\davclnt.dll
0x00007ffafccd0000 - 0x00007ffafccdd000 	C:\windows\System32\DAVHLPR.dll
0x00007ffb209e0000 - 0x00007ffb209f7000 	C:\windows\System32\wkscli.dll
0x00007ffafcca0000 - 0x00007ffafccb2000 	C:\windows\SYSTEM32\cscapi.dll
0x00007ffb20c70000 - 0x00007ffb20c7c000 	C:\windows\System32\netutils.dll
0x00007ffac61e0000 - 0x00007ffac67f8000 	C:\Program Files\McAfee\MAT\McPvNs.dll
0x00007ffb21e20000 - 0x00007ffb21f7f000 	C:\windows\System32\CRYPT32.dll
0x00007ffb21ab0000 - 0x00007ffb21b10000 	C:\windows\System32\WINTRUST.dll
0x00007ffb03470000 - 0x00007ffb0347c000 	C:\windows\SYSTEM32\Secur32.dll
0x00007ffb23800000 - 0x00007ffb23c69000 	C:\windows\System32\SETUPAPI.dll
0x00007ffb05b20000 - 0x00007ffb05ffd000 	C:\windows\SYSTEM32\WININET.dll
0x00007ffaed600000 - 0x00007ffaed68e000 	C:\windows\SYSTEM32\WINSPOOL.DRV
0x00007ffae7e00000 - 0x00007ffae7e07000 	C:\windows\SYSTEM32\MSIMG32.dll
0x00007ffb06000000 - 0x00007ffb061ab000 	C:\windows\WinSxS\amd64_microsoft.windows.gdiplus_6595b64144ccf1df_1.1.19041.928_none_faefac437613c6cc\gdiplus.dll
0x00007ffb053b0000 - 0x00007ffb0559e000 	C:\windows\SYSTEM32\urlmon.dll
0x00007ffb21670000 - 0x00007ffb216a1000 	C:\windows\SYSTEM32\SSPICLI.DLL
0x00007ffb05100000 - 0x00007ffb053b0000 	C:\windows\SYSTEM32\iertutil.dll
0x00007ffb213a0000 - 0x00007ffb213b2000 	C:\windows\System32\MSASN1.dll
0x00007ffaf60b0000 - 0x00007ffaf610d000 	C:\Program Files\Common Files\McAfee\Platform\McRtMui.dll
0x00007ffb1c0b0000 - 0x00007ffb1c0c4000 	C:\windows\SYSTEM32\WTSAPI32.dll
0x00007ffaf55d0000 - 0x00007ffaf5630000 	C:\Program Files\Common Files\McAfee\Platform\LangSel.dll
0x00007ffad8280000 - 0x00007ffad848c000 	C:\windows\System32\msxml3.dll
0x00000264d40c0000 - 0x00000264d40c3000 	C:\Program Files\McAfee\MAT\McOemRes.dll
0x00000264d40e0000 - 0x00000264d40e3000 	C:\Program Files\McAfee\MSC\OemUI.dll
0x00000264d4b60000 - 0x00000264d4e44000 	C:\Program Files\McAfee\MAT\MpvRes.dll
0x00007ffad3580000 - 0x00007ffad35d8000 	C:\Windows\System32\dlnashext.dll
0x00007ffad1a60000 - 0x00007ffad1ac4000 	C:\Windows\System32\PlayToDevice.dll
0x00007ffb04b50000 - 0x00007ffb04b70000 	C:\Windows\System32\DevDispItemProvider.dll
0x00007ffb15c50000 - 0x00007ffb15cd5000 	C:\windows\System32\MMDevApi.dll
0x00007ffb21560000 - 0x00007ffb2158c000 	C:\windows\System32\DEVOBJ.dll

dbghelp: loaded successfully - version: 4.0.5 - missing functions: none
symbol engine: initialized successfully - sym options: 0x614 - pdb path: .;C:\Program Files\Java\jdk-11.0.10\bin;C:\windows\SYSTEM32;C:\windows\WinSxS\amd64_microsoft.windows.common-controls_6595b64144ccf1df_6.0.19041.844_none_ca00b6081b84eb1d;C:\Program Files\Java\jdk-11.0.10\bin\server;C:\windows\WinSxS\amd64_microsoft.windows.common-controls_6595b64144ccf1df_5.82.19041.844_none_423537bff6b9828c;C:\Program Files\McAfee\MAT;C:\windows\WinSxS\amd64_microsoft.windows.gdiplus_6595b64144ccf1df_1.1.19041.928_none_faefac437613c6cc;C:\Program Files\Common Files\McAfee\Platform;C:\Program Files\McAfee\MSC

VM Arguments:
jvm_args: -agentlib:jdwp=transport=dt_socket,suspend=y,address=localhost:60294 -javaagent:C:\Users\Rostom\eclipse\java-2021-03\eclipse\configuration\org.eclipse.osgi\222\0\.cp\lib\javaagent-shaded.jar -Dfile.encoding=UTF-8 
java_command: org.insa.graphs.gui.MainWindow
java_class_path (initial): C:\Users\Rostom\Videos\_BE GRAPHES\BE-GRAPHES\be-graphes-gui\target\test-classes;C:\Users\Rostom\Videos\_BE GRAPHES\BE-GRAPHES\be-graphes-gui\target\classes;C:\Users\Rostom\Videos\_BE GRAPHES\BE-GRAPHES\be-graphes-model\target\classes;C:\Users\Rostom\Videos\_BE GRAPHES\BE-GRAPHES\be-graphes-algos\target\classes;C:\Users\Rostom\.m2\repository\net\sf\kxml\kxml2\2.3.0\kxml2-2.3.0.jar;C:\Users\Rostom\.m2\repository\org\mapsforge\mapsforge-themes\0.13.0\mapsforge-themes-0.13.0.jar;C:\Users\Rostom\.m2\repository\org\mapsforge\mapsforge-map\0.13.0\mapsforge-map-0.13.0.jar;C:\Users\Rostom\.m2\repository\org\mapsforge\mapsforge-core\0.13.0\mapsforge-core-0.13.0.jar;C:\Users\Rostom\.m2\repository\org\mapsforge\mapsforge-map-awt\0.13.0\mapsforge-map-awt-0.13.0.jar;C:\Users\Rostom\.m2\repository\com\github\blackears\svgSalamander\v1.1.1\svgSalamander-v1.1.1.jar;C:\Users\Rostom\.m2\repository\org\apache\ant\ant\1.8.1\ant-1.8.1.jar;C:\Users\Rostom\.m2\repository\org\apache\ant\ant-launcher\1.8.1\ant-launcher-1.8.1.jar;C:\Users\Rostom\.m2\repository\org\mapsforge\mapsforge-map-reader\0.13.0\mapsforge-map-reader-0.13.0.jar;C:\Users\Rostom\.m2\repository\junit\junit\4.12\junit-4.12.jar;C:\Users\Rostom\.m2\repository\org\hamcrest\hamcrest-core\1.3\hamcrest-core-1.3.jar
Launcher Type: SUN_STANDARD

[Global flags]
     intx CICompilerCount                          = 4                                         {product} {ergonomic}
     uint ConcGCThreads                            = 2                                         {product} {ergonomic}
     uint G1ConcRefinementThreads                  = 8                                         {product} {ergonomic}
   size_t G1HeapRegionSize                         = 1048576                                   {product} {ergonomic}
    uintx GCDrainStackTargetSize                   = 64                                        {product} {ergonomic}
   size_t InitialHeapSize                          = 264241152                                 {product} {ergonomic}
   size_t MarkStackSize                            = 4194304                                   {product} {ergonomic}
   size_t MaxHeapSize                              = 4200595456                                {product} {ergonomic}
   size_t MaxNewSize                               = 2519728128                                {product} {ergonomic}
   size_t MinHeapDeltaBytes                        = 1048576                                   {product} {ergonomic}
    uintx NonNMethodCodeHeapSize                   = 5836300                                {pd product} {ergonomic}
    uintx NonProfiledCodeHeapSize                  = 122910970                              {pd product} {ergonomic}
    uintx ProfiledCodeHeapSize                     = 122910970                              {pd product} {ergonomic}
    uintx ReservedCodeCacheSize                    = 251658240                              {pd product} {ergonomic}
     bool SegmentedCodeCache                       = true                                      {product} {ergonomic}
     bool UseCompressedClassPointers               = true                                 {lp64_product} {ergonomic}
     bool UseCompressedOops                        = true                                 {lp64_product} {ergonomic}
     bool UseG1GC                                  = true                                      {product} {ergonomic}
     bool UseLargePagesIndividualAllocation        = false                                  {pd product} {ergonomic}

Logging:
Log output configuration:
 #0: stdout all=warning uptime,level,tags
 #1: stderr all=off uptime,level,tags

Environment Variables:
PATH=C:\Program Files\Common Files\Oracle\Java\javapath;C:\windows\system32;C:\windows;C:\windows\System32\Wbem;C:\windows\System32\WindowsPowerShell\v1.0\;C:\windows\System32\OpenSSH\;C:\Program Files\PostgreSQL\13\bin;C:\Program Files\CodeBlocks\MinGW\bin;C:\Program Files\Java\jdk-11.0.10\bin;C:\Program Files\Git\cmd;C:\Program Files\Git\mingw64\bin;C:\Program Files\mingw-w64\x86_64-8.1.0-posix-seh-rt_v6-rev0\mingw64\bin;C:\Users\Rostom\AppData\Local\Microsoft\WindowsApps;C:\Program Files\CodeBlocks\MinGW\bin;C:\Users\Rostom\anaconda3\bin;C:\Users\Rostom\AppData\Local\Programs\Microsoft VS Code\bin;C:\Users\Rostom\AppData\Local\GitHubDesktop\bin;C:\Users\Rostom\AppData\Local\Programs\MiKTeX\miktex\bin\x64\
USERNAME=Rostom
OS=Windows_NT
PROCESSOR_IDENTIFIER=Intel64 Family 6 Model 140 Stepping 1, GenuineIntel



---------------  S Y S T E M  ---------------

OS: Windows 10 , 64 bit Build 19041 (10.0.19041.928)

CPU:total 8 (initial active 8) (4 cores per cpu, 2 threads per core) family 6 model 140 stepping 1 microcode 0x66, cmov, cx8, fxsr, mmx, sse, sse2, sse3, ssse3, sse4.1, sse4.2, popcnt, avx, avx2, aes, clmul, erms, 3dnowpref, lzcnt, ht, tsc, tscinvbit, bmi1, bmi2, adx, evex, sha, fma

Memory: 4k page, system-wide physical 16023M (9341M free)
TotalPageFile size 20934M (AvailPageFile size 10161M)
current process WorkingSet (physical memory assigned to process): 608M, peak: 618M
current process commit charge ("private bytes"): 633M, peak: 644M

vm_info: Java HotSpot(TM) 64-Bit Server VM (11.0.10+8-LTS-162) for windows-amd64 JRE (11.0.10+8-LTS-162), built on Dec  8 2020 16:32:57 by "mach5one" with MS VC++ 15.9 (VS2017)

END.
